ARM GAS  /tmp/cc1vbrFG.s 			page 1


   1              		.cpu cortex-m4
   2              		.arch armv7e-m
   3              		.fpu fpv4-sp-d16
   4              		.eabi_attribute 27, 1
   5              		.eabi_attribute 28, 1
   6              		.eabi_attribute 20, 1
   7              		.eabi_attribute 21, 1
   8              		.eabi_attribute 23, 3
   9              		.eabi_attribute 24, 1
  10              		.eabi_attribute 25, 1
  11              		.eabi_attribute 26, 1
  12              		.eabi_attribute 30, 1
  13              		.eabi_attribute 34, 1
  14              		.eabi_attribute 18, 4
  15              		.file	"main_app.c"
  16              		.text
  17              	.Ltext0:
  18              		.cfi_sections	.debug_frame
  19              		.file 1 "Core/Src/main_app.c"
  20              		.section	.text.printmsg,"ax",%progbits
  21              		.align	1
  22              		.global	printmsg
  23              		.syntax unified
  24              		.thumb
  25              		.thumb_func
  27              	printmsg:
  28              	.LVL0:
  29              	.LFB135:
   1:Core/Src/main_app.c **** /*
   2:Core/Src/main_app.c ****  * main.c
   3:Core/Src/main_app.c ****  *
   4:Core/Src/main_app.c ****  *  Created on: 02-Jun-2018
   5:Core/Src/main_app.c ****  *      Author: kiran
   6:Core/Src/main_app.c ****  */
   7:Core/Src/main_app.c **** 
   8:Core/Src/main_app.c **** /* Includes ------------------------------------------------------------------*/
   9:Core/Src/main_app.c **** #include <string.h>
  10:Core/Src/main_app.c **** #include <stdio.h>
  11:Core/Src/main_app.c **** #include <stdint.h>
  12:Core/Src/main_app.c **** #include <stdarg.h>
  13:Core/Src/main_app.c **** #include "stm32l4xx_hal.h"
  14:Core/Src/main_app.c **** #include "main_app.h"
  15:Core/Src/main_app.c **** 
  16:Core/Src/main_app.c **** /* Private function prototypes -----------------------------------------------*/
  17:Core/Src/main_app.c **** void GPIO_Init(void);
  18:Core/Src/main_app.c **** void Error_handler(void);
  19:Core/Src/main_app.c **** void UART2_Init(void);
  20:Core/Src/main_app.c **** void SystemClock_Config(uint8_t clock_freq);
  21:Core/Src/main_app.c **** void RTC_Init(void);
  22:Core/Src/main_app.c **** void RTC_CalendarConfig(void);
  23:Core/Src/main_app.c **** void RTC_AlarmConfig(void);
  24:Core/Src/main_app.c **** 
  25:Core/Src/main_app.c **** /* Private variables ---------------------------------------------------------*/
  26:Core/Src/main_app.c **** UART_HandleTypeDef huart2;
  27:Core/Src/main_app.c **** RTC_HandleTypeDef hrtc;
  28:Core/Src/main_app.c **** 
  29:Core/Src/main_app.c **** /**
ARM GAS  /tmp/cc1vbrFG.s 			page 2


  30:Core/Src/main_app.c ****   * @brief  Print a string to console over UART.
  31:Core/Src/main_app.c ****   * @param  format: Format string as in printf.
  32:Core/Src/main_app.c ****   * @param  ...: Additional arguments providing the data to print.
  33:Core/Src/main_app.c ****   * @retval None
  34:Core/Src/main_app.c ****   */
  35:Core/Src/main_app.c **** void printmsg(char *format,...)
  36:Core/Src/main_app.c **** {
  30              		.loc 1 36 1 view -0
  31              		.cfi_startproc
  32              		@ args = 4, pretend = 16, frame = 88
  33              		@ frame_needed = 0, uses_anonymous_args = 1
  34              		.loc 1 36 1 is_stmt 0 view .LVU1
  35 0000 0FB4     		push	{r0, r1, r2, r3}
  36              	.LCFI0:
  37              		.cfi_def_cfa_offset 16
  38              		.cfi_offset 0, -16
  39              		.cfi_offset 1, -12
  40              		.cfi_offset 2, -8
  41              		.cfi_offset 3, -4
  42 0002 10B5     		push	{r4, lr}
  43              	.LCFI1:
  44              		.cfi_def_cfa_offset 24
  45              		.cfi_offset 4, -24
  46              		.cfi_offset 14, -20
  47 0004 96B0     		sub	sp, sp, #88
  48              	.LCFI2:
  49              		.cfi_def_cfa_offset 112
  50 0006 18AA     		add	r2, sp, #96
  51 0008 52F8041B 		ldr	r1, [r2], #4
  37:Core/Src/main_app.c ****   char str[80];
  52              		.loc 1 37 3 is_stmt 1 view .LVU2
  38:Core/Src/main_app.c **** 
  39:Core/Src/main_app.c ****   /*Extract the the argument list using VA apis */
  40:Core/Src/main_app.c ****   va_list args;
  53              		.loc 1 40 3 view .LVU3
  41:Core/Src/main_app.c ****   va_start(args, format);
  54              		.loc 1 41 3 view .LVU4
  55 000c 0192     		str	r2, [sp, #4]
  42:Core/Src/main_app.c ****   vsprintf(str, format,args);
  56              		.loc 1 42 3 view .LVU5
  57 000e 02AC     		add	r4, sp, #8
  58 0010 2046     		mov	r0, r4
  59 0012 FFF7FEFF 		bl	vsprintf
  60              	.LVL1:
  43:Core/Src/main_app.c ****   HAL_UART_Transmit(&huart2,(uint8_t *)str, strlen(str),HAL_MAX_DELAY);
  61              		.loc 1 43 3 view .LVU6
  62              		.loc 1 43 45 is_stmt 0 view .LVU7
  63 0016 2046     		mov	r0, r4
  64 0018 FFF7FEFF 		bl	strlen
  65              	.LVL2:
  66              		.loc 1 43 3 discriminator 1 view .LVU8
  67 001c 4FF0FF33 		mov	r3, #-1
  68 0020 82B2     		uxth	r2, r0
  69 0022 2146     		mov	r1, r4
  70 0024 0348     		ldr	r0, .L3
  71 0026 FFF7FEFF 		bl	HAL_UART_Transmit
  72              	.LVL3:
ARM GAS  /tmp/cc1vbrFG.s 			page 3


  44:Core/Src/main_app.c ****   va_end(args);
  73              		.loc 1 44 3 is_stmt 1 view .LVU9
  45:Core/Src/main_app.c **** }
  74              		.loc 1 45 1 is_stmt 0 view .LVU10
  75 002a 16B0     		add	sp, sp, #88
  76              	.LCFI3:
  77              		.cfi_def_cfa_offset 24
  78              		@ sp needed
  79 002c BDE81040 		pop	{r4, lr}
  80              	.LCFI4:
  81              		.cfi_restore 14
  82              		.cfi_restore 4
  83              		.cfi_def_cfa_offset 16
  84 0030 04B0     		add	sp, sp, #16
  85              	.LCFI5:
  86              		.cfi_restore 3
  87              		.cfi_restore 2
  88              		.cfi_restore 1
  89              		.cfi_restore 0
  90              		.cfi_def_cfa_offset 0
  91 0032 7047     		bx	lr
  92              	.L4:
  93              		.align	2
  94              	.L3:
  95 0034 00000000 		.word	huart2
  96              		.cfi_endproc
  97              	.LFE135:
  99              		.section	.text.RTC_CalendarConfig,"ax",%progbits
 100              		.align	1
 101              		.global	RTC_CalendarConfig
 102              		.syntax unified
 103              		.thumb
 104              		.thumb_func
 106              	RTC_CalendarConfig:
 107              	.LFB139:
  46:Core/Src/main_app.c **** 
  47:Core/Src/main_app.c **** int main(void)
  48:Core/Src/main_app.c **** {
  49:Core/Src/main_app.c ****   HAL_Init();
  50:Core/Src/main_app.c ****   GPIO_Init();
  51:Core/Src/main_app.c ****   SystemClock_Config(SYS_CLOCK_FREQ_50_MHZ);
  52:Core/Src/main_app.c ****   UART2_Init();
  53:Core/Src/main_app.c ****   RTC_Init();
  54:Core/Src/main_app.c **** 
  55:Core/Src/main_app.c ****   //Enable clock for PWR Controller block
  56:Core/Src/main_app.c ****   __HAL_RCC_PWR_CLK_ENABLE();
  57:Core/Src/main_app.c **** 
  58:Core/Src/main_app.c ****   if(__HAL_PWR_GET_FLAG(PWR_FLAG_SB) != RESET)
  59:Core/Src/main_app.c ****   {
  60:Core/Src/main_app.c ****     __HAL_PWR_CLEAR_FLAG(PWR_FLAG_SB);
  61:Core/Src/main_app.c ****     __HAL_PWR_CLEAR_FLAG(PWR_FLAG_WU);
  62:Core/Src/main_app.c ****     __HAL_RTC_ALARM_CLEAR_FLAG(&hrtc,RTC_FLAG_ALRAF);
  63:Core/Src/main_app.c **** 
  64:Core/Src/main_app.c ****     printmsg("Woke up from standby mode\r\n");
  65:Core/Src/main_app.c **** 
  66:Core/Src/main_app.c ****     RTC_TimeTypeDef  RTC_TimeRead;
  67:Core/Src/main_app.c ****     RTC_DateTypeDef RTC_DateRead;
ARM GAS  /tmp/cc1vbrFG.s 			page 4


  68:Core/Src/main_app.c **** 
  69:Core/Src/main_app.c ****     HAL_RTC_GetTime(&hrtc,&RTC_TimeRead,RTC_FORMAT_BIN);
  70:Core/Src/main_app.c ****     HAL_RTC_GetDate(&hrtc,&RTC_DateRead,RTC_FORMAT_BIN);
  71:Core/Src/main_app.c **** 
  72:Core/Src/main_app.c ****     printmsg("Current Time is : %02d:%02d:%02d\r\n",RTC_TimeRead.Hours,\
  73:Core/Src/main_app.c ****     RTC_TimeRead.Minutes,RTC_TimeRead.Seconds);
  74:Core/Src/main_app.c **** 
  75:Core/Src/main_app.c ****     //Buzzer and LED Code
  76:Core/Src/main_app.c ****     HAL_GPIO_WritePin(GPIOA,GPIO_PIN_5,GPIO_PIN_SET);
  77:Core/Src/main_app.c ****     HAL_GPIO_WritePin(GPIOA,GPIO_PIN_8,GPIO_PIN_SET);
  78:Core/Src/main_app.c ****     HAL_Delay(2000);
  79:Core/Src/main_app.c ****     HAL_GPIO_WritePin(GPIOA,GPIO_PIN_5,GPIO_PIN_RESET);
  80:Core/Src/main_app.c ****     HAL_GPIO_WritePin(GPIOA,GPIO_PIN_8,GPIO_PIN_RESET);
  81:Core/Src/main_app.c ****   }
  82:Core/Src/main_app.c **** 
  83:Core/Src/main_app.c ****   printmsg("This is RTC Alarm Test program\r\n");
  84:Core/Src/main_app.c **** 
  85:Core/Src/main_app.c ****   while(1);
  86:Core/Src/main_app.c **** 
  87:Core/Src/main_app.c ****   return 0;
  88:Core/Src/main_app.c **** }
  89:Core/Src/main_app.c **** 
  90:Core/Src/main_app.c **** /**
  91:Core/Src/main_app.c ****   * @brief System Clock Configuration
  92:Core/Src/main_app.c ****   * @retval None
  93:Core/Src/main_app.c ****   */
  94:Core/Src/main_app.c **** void SystemClock_Config(uint8_t clock_freq)
  95:Core/Src/main_app.c **** {
  96:Core/Src/main_app.c ****   RCC_OscInitTypeDef osc_init;
  97:Core/Src/main_app.c ****   RCC_ClkInitTypeDef clk_init;
  98:Core/Src/main_app.c ****   uint32_t FLatency =0;
  99:Core/Src/main_app.c **** 
 100:Core/Src/main_app.c ****   osc_init.OscillatorType = RCC_OSCILLATORTYPE_HSI;
 101:Core/Src/main_app.c **** 	osc_init.HSIState = RCC_HSI_ON;
 102:Core/Src/main_app.c **** 	osc_init.HSICalibrationValue = 16;
 103:Core/Src/main_app.c **** 	osc_init.PLL.PLLState = RCC_PLL_ON;
 104:Core/Src/main_app.c **** 	osc_init.PLL.PLLSource = RCC_PLLSOURCE_HSI;
 105:Core/Src/main_app.c **** 
 106:Core/Src/main_app.c ****   switch(clock_freq) {
 107:Core/Src/main_app.c ****         case SYS_CLOCK_FREQ_50_MHZ:{
 108:Core/Src/main_app.c ****             osc_init.PLL.PLLM = 4;
 109:Core/Src/main_app.c ****             osc_init.PLL.PLLN = 25;
 110:Core/Src/main_app.c ****             osc_init.PLL.PLLR= 2;
 111:Core/Src/main_app.c ****             osc_init.PLL.PLLP = 2;
 112:Core/Src/main_app.c ****             osc_init.PLL.PLLQ  = 2;
 113:Core/Src/main_app.c **** 
 114:Core/Src/main_app.c ****             clk_init.ClockType = RCC_CLOCKTYPE_SYSCLK | RCC_CLOCKTYPE_HCLK | \
 115:Core/Src/main_app.c ****                                 RCC_CLOCKTYPE_PCLK1  | RCC_CLOCKTYPE_PCLK2;
 116:Core/Src/main_app.c ****             clk_init.SYSCLKSource = RCC_SYSCLKSOURCE_PLLCLK;
 117:Core/Src/main_app.c ****             clk_init.AHBCLKDivider = RCC_SYSCLK_DIV1;
 118:Core/Src/main_app.c ****             clk_init.APB1CLKDivider = RCC_HCLK_DIV2;
 119:Core/Src/main_app.c ****             clk_init.APB2CLKDivider = RCC_HCLK_DIV2;
 120:Core/Src/main_app.c **** 
 121:Core/Src/main_app.c ****             FLatency = FLASH_ACR_LATENCY_1WS;
 122:Core/Src/main_app.c ****             break;
 123:Core/Src/main_app.c ****     }
 124:Core/Src/main_app.c ****     case SYS_CLOCK_FREQ_80_MHZ: {
ARM GAS  /tmp/cc1vbrFG.s 			page 5


 125:Core/Src/main_app.c ****         osc_init.PLL.PLLM = 2;
 126:Core/Src/main_app.c ****         osc_init.PLL.PLLN = 20;
 127:Core/Src/main_app.c ****         osc_init.PLL.PLLR=2;
 128:Core/Src/main_app.c ****         osc_init.PLL.PLLP = 2;
 129:Core/Src/main_app.c ****         osc_init.PLL.PLLQ  = 2;
 130:Core/Src/main_app.c **** 
 131:Core/Src/main_app.c ****         clk_init.ClockType = RCC_CLOCKTYPE_SYSCLK | RCC_CLOCKTYPE_HCLK | \
 132:Core/Src/main_app.c ****                             RCC_CLOCKTYPE_PCLK1  | RCC_CLOCKTYPE_PCLK2;
 133:Core/Src/main_app.c ****         clk_init.SYSCLKSource = RCC_SYSCLKSOURCE_PLLCLK;
 134:Core/Src/main_app.c ****         clk_init.AHBCLKDivider = RCC_SYSCLK_DIV1;
 135:Core/Src/main_app.c ****         clk_init.APB1CLKDivider = RCC_HCLK_DIV2;
 136:Core/Src/main_app.c ****         clk_init.APB2CLKDivider = RCC_HCLK_DIV2;
 137:Core/Src/main_app.c **** 
 138:Core/Src/main_app.c ****         FLatency = FLASH_ACR_LATENCY_2WS;
 139:Core/Src/main_app.c **** 
 140:Core/Src/main_app.c ****         break;
 141:Core/Src/main_app.c ****     }
 142:Core/Src/main_app.c **** 
 143:Core/Src/main_app.c **** 	default:
 144:Core/Src/main_app.c **** 	  return;
 145:Core/Src/main_app.c **** 	}
 146:Core/Src/main_app.c **** 
 147:Core/Src/main_app.c **** 	if(HAL_RCC_OscConfig(&osc_init) != HAL_OK)
 148:Core/Src/main_app.c **** 	{
 149:Core/Src/main_app.c **** 		Error_handler();
 150:Core/Src/main_app.c **** 	}
 151:Core/Src/main_app.c **** 
 152:Core/Src/main_app.c **** 
 153:Core/Src/main_app.c **** 	if(HAL_RCC_ClockConfig(&clk_init,FLatency) != HAL_OK)
 154:Core/Src/main_app.c **** 	{
 155:Core/Src/main_app.c **** 		Error_handler();
 156:Core/Src/main_app.c **** 	}
 157:Core/Src/main_app.c **** 
 158:Core/Src/main_app.c **** 	//Systick configuration
 159:Core/Src/main_app.c **** 
 160:Core/Src/main_app.c ****   /*Configure the systick timer interrupt frequency (for every 1 ms) */
 161:Core/Src/main_app.c ****   uint32_t hclk_freq = HAL_RCC_GetHCLKFreq();
 162:Core/Src/main_app.c ****   HAL_SYSTICK_Config(hclk_freq/1000);
 163:Core/Src/main_app.c **** 
 164:Core/Src/main_app.c ****   /**Configure the Systick
 165:Core/Src/main_app.c ****   */
 166:Core/Src/main_app.c ****   HAL_SYSTICK_CLKSourceConfig(SYSTICK_CLKSOURCE_HCLK);
 167:Core/Src/main_app.c **** 
 168:Core/Src/main_app.c ****   /* SysTick_IRQn interrupt configuration */
 169:Core/Src/main_app.c ****   HAL_NVIC_SetPriority(SysTick_IRQn, 0, 0);
 170:Core/Src/main_app.c **** }
 171:Core/Src/main_app.c **** 
 172:Core/Src/main_app.c **** /**
 173:Core/Src/main_app.c ****   * @brief RTC Initialization Function
 174:Core/Src/main_app.c ****   * @param None
 175:Core/Src/main_app.c ****   * @retval None
 176:Core/Src/main_app.c ****   */
 177:Core/Src/main_app.c **** void RTC_Init(void)
 178:Core/Src/main_app.c **** {
 179:Core/Src/main_app.c ****   hrtc.Instance = RTC;
 180:Core/Src/main_app.c ****   hrtc.Init.HourFormat = RTC_HOURFORMAT_24;
 181:Core/Src/main_app.c ****   hrtc.Init.AsynchPrediv = 0x7F;
ARM GAS  /tmp/cc1vbrFG.s 			page 6


 182:Core/Src/main_app.c ****   hrtc.Init.SynchPrediv = 0xFF;
 183:Core/Src/main_app.c ****   hrtc.Init.OutPut = RTC_OUTPUT_DISABLE;
 184:Core/Src/main_app.c ****   hrtc.Init.OutPutPolarity = RTC_OUTPUT_POLARITY_LOW;
 185:Core/Src/main_app.c ****   hrtc.Init.OutPutType = RTC_OUTPUT_TYPE_OPENDRAIN;
 186:Core/Src/main_app.c **** 
 187:Core/Src/main_app.c ****   if( HAL_RTC_Init(&hrtc) != HAL_OK)
 188:Core/Src/main_app.c ****   {
 189:Core/Src/main_app.c ****     Error_handler();
 190:Core/Src/main_app.c ****   }
 191:Core/Src/main_app.c **** }
 192:Core/Src/main_app.c **** 
 193:Core/Src/main_app.c **** /**
 194:Core/Src/main_app.c ****   * @brief RTC calender configuration
 195:Core/Src/main_app.c ****   * @param None
 196:Core/Src/main_app.c ****   * @retval None
 197:Core/Src/main_app.c ****   */
 198:Core/Src/main_app.c **** void RTC_CalendarConfig(void)
 199:Core/Src/main_app.c **** {
 108              		.loc 1 199 1 is_stmt 1 view -0
 109              		.cfi_startproc
 110              		@ args = 0, pretend = 0, frame = 24
 111              		@ frame_needed = 0, uses_anonymous_args = 0
 112 0000 10B5     		push	{r4, lr}
 113              	.LCFI6:
 114              		.cfi_def_cfa_offset 8
 115              		.cfi_offset 4, -8
 116              		.cfi_offset 14, -4
 117 0002 86B0     		sub	sp, sp, #24
 118              	.LCFI7:
 119              		.cfi_def_cfa_offset 32
 200:Core/Src/main_app.c ****   RTC_TimeTypeDef RTC_TimeInit;
 120              		.loc 1 200 3 view .LVU12
 201:Core/Src/main_app.c ****   RTC_DateTypeDef RTC_DateInit;
 121              		.loc 1 201 3 view .LVU13
 202:Core/Src/main_app.c ****   //this function does RTC Calendar Config
 203:Core/Src/main_app.c ****   //Lets configure the calendar for Time : 21:16:10 PM Date : 28 december 2025 SUNDAY
 204:Core/Src/main_app.c **** 
 205:Core/Src/main_app.c ****   RTC_TimeInit.Hours = 21;
 122              		.loc 1 205 3 view .LVU14
 123              		.loc 1 205 22 is_stmt 0 view .LVU15
 124 0004 1523     		movs	r3, #21
 125 0006 8DF80430 		strb	r3, [sp, #4]
 206:Core/Src/main_app.c ****   RTC_TimeInit.Minutes = 16;
 126              		.loc 1 206 3 is_stmt 1 view .LVU16
 127              		.loc 1 206 24 is_stmt 0 view .LVU17
 128 000a 1023     		movs	r3, #16
 129 000c 8DF80530 		strb	r3, [sp, #5]
 207:Core/Src/main_app.c ****   RTC_TimeInit.Seconds = 10;
 130              		.loc 1 207 3 is_stmt 1 view .LVU18
 131              		.loc 1 207 24 is_stmt 0 view .LVU19
 132 0010 0A23     		movs	r3, #10
 133 0012 8DF80630 		strb	r3, [sp, #6]
 208:Core/Src/main_app.c ****   RTC_TimeInit.TimeFormat = RTC_HOURFORMAT12_PM;
 134              		.loc 1 208 3 is_stmt 1 view .LVU20
 135              		.loc 1 208 27 is_stmt 0 view .LVU21
 136 0016 0123     		movs	r3, #1
 137 0018 8DF80730 		strb	r3, [sp, #7]
ARM GAS  /tmp/cc1vbrFG.s 			page 7


 209:Core/Src/main_app.c ****   HAL_RTC_SetTime(&hrtc, &RTC_TimeInit,RTC_FORMAT_BIN);
 138              		.loc 1 209 3 is_stmt 1 view .LVU22
 139 001c 0C4C     		ldr	r4, .L7
 140 001e 0022     		movs	r2, #0
 141 0020 01A9     		add	r1, sp, #4
 142 0022 2046     		mov	r0, r4
 143 0024 FFF7FEFF 		bl	HAL_RTC_SetTime
 144              	.LVL4:
 210:Core/Src/main_app.c **** 
 211:Core/Src/main_app.c ****   RTC_DateInit.Date = 28;
 145              		.loc 1 211 3 view .LVU23
 146              		.loc 1 211 21 is_stmt 0 view .LVU24
 147 0028 1C23     		movs	r3, #28
 148 002a 8DF80230 		strb	r3, [sp, #2]
 212:Core/Src/main_app.c ****   RTC_DateInit.Month = RTC_MONTH_DECEMBER;
 149              		.loc 1 212 3 is_stmt 1 view .LVU25
 150              		.loc 1 212 22 is_stmt 0 view .LVU26
 151 002e 1223     		movs	r3, #18
 152 0030 8DF80130 		strb	r3, [sp, #1]
 213:Core/Src/main_app.c ****   RTC_DateInit.Year = 25;
 153              		.loc 1 213 3 is_stmt 1 view .LVU27
 154              		.loc 1 213 21 is_stmt 0 view .LVU28
 155 0034 1923     		movs	r3, #25
 156 0036 8DF80330 		strb	r3, [sp, #3]
 214:Core/Src/main_app.c ****   RTC_DateInit.WeekDay = RTC_WEEKDAY_SUNDAY;
 157              		.loc 1 214 3 is_stmt 1 view .LVU29
 158              		.loc 1 214 24 is_stmt 0 view .LVU30
 159 003a 0723     		movs	r3, #7
 160 003c 8DF80030 		strb	r3, [sp]
 215:Core/Src/main_app.c **** 
 216:Core/Src/main_app.c ****   HAL_RTC_SetDate(&hrtc,&RTC_DateInit,RTC_FORMAT_BIN);
 161              		.loc 1 216 3 is_stmt 1 view .LVU31
 162 0040 0022     		movs	r2, #0
 163 0042 6946     		mov	r1, sp
 164 0044 2046     		mov	r0, r4
 165 0046 FFF7FEFF 		bl	HAL_RTC_SetDate
 166              	.LVL5:
 217:Core/Src/main_app.c **** }
 167              		.loc 1 217 1 is_stmt 0 view .LVU32
 168 004a 06B0     		add	sp, sp, #24
 169              	.LCFI8:
 170              		.cfi_def_cfa_offset 8
 171              		@ sp needed
 172 004c 10BD     		pop	{r4, pc}
 173              	.L8:
 174 004e 00BF     		.align	2
 175              	.L7:
 176 0050 00000000 		.word	hrtc
 177              		.cfi_endproc
 178              	.LFE139:
 180              		.section	.text.GPIO_Init,"ax",%progbits
 181              		.align	1
 182              		.global	GPIO_Init
 183              		.syntax unified
 184              		.thumb
 185              		.thumb_func
 187              	GPIO_Init:
ARM GAS  /tmp/cc1vbrFG.s 			page 8


 188              	.LFB140:
 218:Core/Src/main_app.c **** 
 219:Core/Src/main_app.c **** /**
 220:Core/Src/main_app.c ****   * @brief GPIO Initialization Function
 221:Core/Src/main_app.c ****   * @param None
 222:Core/Src/main_app.c ****   * @retval None
 223:Core/Src/main_app.c ****   */
 224:Core/Src/main_app.c **** void GPIO_Init(void)
 225:Core/Src/main_app.c **** {
 189              		.loc 1 225 1 is_stmt 1 view -0
 190              		.cfi_startproc
 191              		@ args = 0, pretend = 0, frame = 48
 192              		@ frame_needed = 0, uses_anonymous_args = 0
 193 0000 10B5     		push	{r4, lr}
 194              	.LCFI9:
 195              		.cfi_def_cfa_offset 8
 196              		.cfi_offset 4, -8
 197              		.cfi_offset 14, -4
 198 0002 8CB0     		sub	sp, sp, #48
 199              	.LCFI10:
 200              		.cfi_def_cfa_offset 56
 226:Core/Src/main_app.c ****   __HAL_RCC_GPIOA_CLK_ENABLE();
 201              		.loc 1 226 3 view .LVU34
 202              	.LBB2:
 203              		.loc 1 226 3 view .LVU35
 204              		.loc 1 226 3 view .LVU36
 205 0004 194B     		ldr	r3, .L11
 206 0006 DA6C     		ldr	r2, [r3, #76]
 207 0008 42F00102 		orr	r2, r2, #1
 208 000c DA64     		str	r2, [r3, #76]
 209              		.loc 1 226 3 view .LVU37
 210 000e DA6C     		ldr	r2, [r3, #76]
 211 0010 02F00102 		and	r2, r2, #1
 212 0014 0092     		str	r2, [sp]
 213              		.loc 1 226 3 view .LVU38
 214 0016 009A     		ldr	r2, [sp]
 215              	.LBE2:
 216              		.loc 1 226 3 view .LVU39
 227:Core/Src/main_app.c ****   __HAL_RCC_GPIOC_CLK_ENABLE();
 217              		.loc 1 227 3 view .LVU40
 218              	.LBB3:
 219              		.loc 1 227 3 view .LVU41
 220              		.loc 1 227 3 view .LVU42
 221 0018 DA6C     		ldr	r2, [r3, #76]
 222 001a 42F00402 		orr	r2, r2, #4
 223 001e DA64     		str	r2, [r3, #76]
 224              		.loc 1 227 3 view .LVU43
 225 0020 DB6C     		ldr	r3, [r3, #76]
 226 0022 03F00403 		and	r3, r3, #4
 227 0026 0193     		str	r3, [sp, #4]
 228              		.loc 1 227 3 view .LVU44
 229 0028 019B     		ldr	r3, [sp, #4]
 230              	.LBE3:
 231              		.loc 1 227 3 view .LVU45
 228:Core/Src/main_app.c **** 
 229:Core/Src/main_app.c **** 
 230:Core/Src/main_app.c ****   GPIO_InitTypeDef ledgpio , buttongpio;
ARM GAS  /tmp/cc1vbrFG.s 			page 9


 232              		.loc 1 230 3 view .LVU46
 231:Core/Src/main_app.c **** 
 232:Core/Src/main_app.c ****   ledgpio.Pin = GPIO_PIN_5;
 233              		.loc 1 232 3 view .LVU47
 234              		.loc 1 232 15 is_stmt 0 view .LVU48
 235 002a 2023     		movs	r3, #32
 236 002c 0793     		str	r3, [sp, #28]
 233:Core/Src/main_app.c ****   ledgpio.Mode = GPIO_MODE_OUTPUT_PP;
 237              		.loc 1 233 3 is_stmt 1 view .LVU49
 238              		.loc 1 233 16 is_stmt 0 view .LVU50
 239 002e 0123     		movs	r3, #1
 240 0030 0893     		str	r3, [sp, #32]
 234:Core/Src/main_app.c ****   ledgpio.Pull = GPIO_NOPULL;
 241              		.loc 1 234 3 is_stmt 1 view .LVU51
 242              		.loc 1 234 16 is_stmt 0 view .LVU52
 243 0032 0024     		movs	r4, #0
 244 0034 0994     		str	r4, [sp, #36]
 235:Core/Src/main_app.c ****   HAL_GPIO_Init(GPIOA,&ledgpio);
 245              		.loc 1 235 3 is_stmt 1 view .LVU53
 246 0036 07A9     		add	r1, sp, #28
 247 0038 4FF09040 		mov	r0, #1207959552
 248 003c FFF7FEFF 		bl	HAL_GPIO_Init
 249              	.LVL6:
 236:Core/Src/main_app.c **** 
 237:Core/Src/main_app.c ****   buttongpio.Pin = GPIO_PIN_13;
 250              		.loc 1 237 3 view .LVU54
 251              		.loc 1 237 18 is_stmt 0 view .LVU55
 252 0040 4FF40053 		mov	r3, #8192
 253 0044 0293     		str	r3, [sp, #8]
 238:Core/Src/main_app.c ****   buttongpio.Mode = GPIO_MODE_IT_FALLING;
 254              		.loc 1 238 3 is_stmt 1 view .LVU56
 255              		.loc 1 238 19 is_stmt 0 view .LVU57
 256 0046 4FF40413 		mov	r3, #2162688
 257 004a 0393     		str	r3, [sp, #12]
 239:Core/Src/main_app.c ****   buttongpio.Pull = GPIO_NOPULL;
 258              		.loc 1 239 3 is_stmt 1 view .LVU58
 259              		.loc 1 239 19 is_stmt 0 view .LVU59
 260 004c 0494     		str	r4, [sp, #16]
 240:Core/Src/main_app.c ****   HAL_GPIO_Init(GPIOC,&buttongpio);
 261              		.loc 1 240 3 is_stmt 1 view .LVU60
 262 004e 02A9     		add	r1, sp, #8
 263 0050 0748     		ldr	r0, .L11+4
 264 0052 FFF7FEFF 		bl	HAL_GPIO_Init
 265              	.LVL7:
 241:Core/Src/main_app.c **** 
 242:Core/Src/main_app.c ****   HAL_NVIC_SetPriority(EXTI15_10_IRQn,15,0);
 266              		.loc 1 242 3 view .LVU61
 267 0056 2246     		mov	r2, r4
 268 0058 0F21     		movs	r1, #15
 269 005a 2820     		movs	r0, #40
 270 005c FFF7FEFF 		bl	HAL_NVIC_SetPriority
 271              	.LVL8:
 243:Core/Src/main_app.c ****   HAL_NVIC_EnableIRQ(EXTI15_10_IRQn);
 272              		.loc 1 243 3 view .LVU62
 273 0060 2820     		movs	r0, #40
 274 0062 FFF7FEFF 		bl	HAL_NVIC_EnableIRQ
 275              	.LVL9:
ARM GAS  /tmp/cc1vbrFG.s 			page 10


 244:Core/Src/main_app.c **** }
 276              		.loc 1 244 1 is_stmt 0 view .LVU63
 277 0066 0CB0     		add	sp, sp, #48
 278              	.LCFI11:
 279              		.cfi_def_cfa_offset 8
 280              		@ sp needed
 281 0068 10BD     		pop	{r4, pc}
 282              	.L12:
 283 006a 00BF     		.align	2
 284              	.L11:
 285 006c 00100240 		.word	1073876992
 286 0070 00080048 		.word	1207961600
 287              		.cfi_endproc
 288              	.LFE140:
 290              		.section	.text.getDayofweek,"ax",%progbits
 291              		.align	1
 292              		.global	getDayofweek
 293              		.syntax unified
 294              		.thumb
 295              		.thumb_func
 297              	getDayofweek:
 298              	.LVL10:
 299              	.LFB142:
 245:Core/Src/main_app.c **** 
 246:Core/Src/main_app.c **** /**
 247:Core/Src/main_app.c ****   * @brief USART2 Initialization Function
 248:Core/Src/main_app.c ****   * @param None
 249:Core/Src/main_app.c ****   * @retval None
 250:Core/Src/main_app.c ****   */
 251:Core/Src/main_app.c **** void UART2_Init(void)
 252:Core/Src/main_app.c **** {
 253:Core/Src/main_app.c ****   huart2.Instance = USART2;
 254:Core/Src/main_app.c ****   huart2.Init.BaudRate =115200;
 255:Core/Src/main_app.c ****   huart2.Init.WordLength = UART_WORDLENGTH_8B;
 256:Core/Src/main_app.c ****   huart2.Init.StopBits = UART_STOPBITS_1;
 257:Core/Src/main_app.c ****   huart2.Init.Parity = UART_PARITY_NONE;
 258:Core/Src/main_app.c ****   huart2.Init.HwFlowCtl = UART_HWCONTROL_NONE;
 259:Core/Src/main_app.c ****   huart2.Init.Mode = UART_MODE_TX;
 260:Core/Src/main_app.c **** 
 261:Core/Src/main_app.c ****   if ( HAL_UART_Init(&huart2) != HAL_OK )
 262:Core/Src/main_app.c ****   {
 263:Core/Src/main_app.c ****     //There is a problem
 264:Core/Src/main_app.c ****     Error_handler();
 265:Core/Src/main_app.c ****   }
 266:Core/Src/main_app.c **** }
 267:Core/Src/main_app.c **** 
 268:Core/Src/main_app.c **** /**
 269:Core/Src/main_app.c ****   * @brief  Returns the name of the day of the week.
 270:Core/Src/main_app.c ****   *         This function takes a number (1-7) and returns the corresponding
 271:Core/Src/main_app.c ****   *         day of the week as a string.
 272:Core/Src/main_app.c ****   * @param  number: The day of the week as a number (1 for Monday, 2 for Tuesday, etc.).
 273:Core/Src/main_app.c ****   * @retval char*: The name of the corresponding day of the week.
 274:Core/Src/main_app.c ****   */
 275:Core/Src/main_app.c **** char* getDayofweek(uint8_t number)
 276:Core/Src/main_app.c **** {
 300              		.loc 1 276 1 is_stmt 1 view -0
 301              		.cfi_startproc
ARM GAS  /tmp/cc1vbrFG.s 			page 11


 302              		@ args = 0, pretend = 0, frame = 32
 303              		@ frame_needed = 0, uses_anonymous_args = 0
 304              		.loc 1 276 1 is_stmt 0 view .LVU65
 305 0000 10B5     		push	{r4, lr}
 306              	.LCFI12:
 307              		.cfi_def_cfa_offset 8
 308              		.cfi_offset 4, -8
 309              		.cfi_offset 14, -4
 310 0002 88B0     		sub	sp, sp, #32
 311              	.LCFI13:
 312              		.cfi_def_cfa_offset 40
 313 0004 0446     		mov	r4, r0
 277:Core/Src/main_app.c ****   char *weekday[] = { "Monday", "TuesDay", "Wednesday","Thursday","Friday","Saturday","Sunday"};
 314              		.loc 1 277 3 is_stmt 1 view .LVU66
 315              		.loc 1 277 9 is_stmt 0 view .LVU67
 316 0006 0DF1040C 		add	ip, sp, #4
 317 000a DFF824E0 		ldr	lr, .L15
 318 000e BEE80F00 		ldmia	lr!, {r0, r1, r2, r3}
 319              	.LVL11:
 320              		.loc 1 277 9 view .LVU68
 321 0012 ACE80F00 		stmia	ip!, {r0, r1, r2, r3}
 322 0016 9EE80700 		ldm	lr, {r0, r1, r2}
 323 001a 8CE80700 		stm	ip, {r0, r1, r2}
 278:Core/Src/main_app.c **** 
 279:Core/Src/main_app.c ****   return weekday[number-1];
 324              		.loc 1 279 3 is_stmt 1 view .LVU69
 325              		.loc 1 279 24 is_stmt 0 view .LVU70
 326 001e 631E     		subs	r3, r4, #1
 327              		.loc 1 279 17 view .LVU71
 328 0020 08AA     		add	r2, sp, #32
 329 0022 02EB8303 		add	r3, r2, r3, lsl #2
 280:Core/Src/main_app.c **** }
 330              		.loc 1 280 1 view .LVU72
 331 0026 53F81C0C 		ldr	r0, [r3, #-28]
 332 002a 08B0     		add	sp, sp, #32
 333              	.LCFI14:
 334              		.cfi_def_cfa_offset 8
 335              		@ sp needed
 336 002c 10BD     		pop	{r4, pc}
 337              	.LVL12:
 338              	.L16:
 339              		.loc 1 280 1 view .LVU73
 340 002e 00BF     		.align	2
 341              	.L15:
 342 0030 00000000 		.word	.LANCHOR0
 343              		.cfi_endproc
 344              	.LFE142:
 346              		.section	.rodata.HAL_RTC_AlarmAEventCallback.str1.4,"aMS",%progbits,1
 347              		.align	2
 348              	.LC9:
 349 0000 416C6172 		.ascii	"Alarm Triggered \015\012\000"
 349      6D205472 
 349      69676765 
 349      72656420 
 349      0D0A00
 350 0013 00       		.align	2
 351              	.LC10:
ARM GAS  /tmp/cc1vbrFG.s 			page 12


 352 0014 43757272 		.ascii	"Current Time is : %02d:%02d:%02d\015\012\000"
 352      656E7420 
 352      54696D65 
 352      20697320 
 352      3A202530 
 353              		.section	.text.HAL_RTC_AlarmAEventCallback,"ax",%progbits
 354              		.align	1
 355              		.global	HAL_RTC_AlarmAEventCallback
 356              		.syntax unified
 357              		.thumb
 358              		.thumb_func
 360              	HAL_RTC_AlarmAEventCallback:
 361              	.LVL13:
 362              	.LFB145:
 281:Core/Src/main_app.c **** 
 282:Core/Src/main_app.c **** /**
 283:Core/Src/main_app.c ****   * @brief  EXTI line detection callbacks.
 284:Core/Src/main_app.c ****   * @param  GPIO_Pin Specifies the pins connected EXTI line
 285:Core/Src/main_app.c ****   * @retval None
 286:Core/Src/main_app.c ****   */
 287:Core/Src/main_app.c **** void HAL_GPIO_EXTI_Callback(uint16_t GPIO_Pin)
 288:Core/Src/main_app.c **** {
 289:Core/Src/main_app.c ****    RTC_TimeTypeDef RTC_TimeRead;
 290:Core/Src/main_app.c ****    RTC_DateTypeDef RTC_DateRead;
 291:Core/Src/main_app.c **** 
 292:Core/Src/main_app.c ****    RTC_CalendarConfig();
 293:Core/Src/main_app.c **** 
 294:Core/Src/main_app.c ****    HAL_RTC_GetTime(&hrtc,&RTC_TimeRead,RTC_FORMAT_BIN);
 295:Core/Src/main_app.c **** 
 296:Core/Src/main_app.c ****    HAL_RTC_GetDate(&hrtc,&RTC_DateRead,RTC_FORMAT_BIN);
 297:Core/Src/main_app.c **** 
 298:Core/Src/main_app.c ****    printmsg("Current Time is : %02d:%02d:%02d\r\n",RTC_TimeRead.Hours,\
 299:Core/Src/main_app.c ****        RTC_TimeRead.Minutes,RTC_TimeRead.Seconds);
 300:Core/Src/main_app.c ****    printmsg("Current Date is : %02d-%2d-%2d  <%s> \r\n",RTC_DateRead.Month,RTC_DateRead.Date,\
 301:Core/Src/main_app.c ****        RTC_DateRead.Year,getDayofweek(RTC_DateRead.WeekDay));
 302:Core/Src/main_app.c **** 
 303:Core/Src/main_app.c ****    //make sure that WUF and RTC alarm A flag are cleared
 304:Core/Src/main_app.c ****    __HAL_RTC_ALARM_CLEAR_FLAG(&hrtc,RTC_FLAG_ALRAF);
 305:Core/Src/main_app.c ****    __HAL_PWR_CLEAR_FLAG(PWR_FLAG_WU);
 306:Core/Src/main_app.c **** 
 307:Core/Src/main_app.c **** 
 308:Core/Src/main_app.c ****    RTC_AlarmConfig();
 309:Core/Src/main_app.c **** 
 310:Core/Src/main_app.c **** 
 311:Core/Src/main_app.c ****    printmsg("Went to STANDBY mode\r\n");
 312:Core/Src/main_app.c **** 
 313:Core/Src/main_app.c ****    //Go to standby mode
 314:Core/Src/main_app.c ****    HAL_PWR_EnterSTANDBYMode();
 315:Core/Src/main_app.c **** }
 316:Core/Src/main_app.c **** 
 317:Core/Src/main_app.c **** /**
 318:Core/Src/main_app.c ****   * @brief RTC alaram configuration
 319:Core/Src/main_app.c ****   * @param None
 320:Core/Src/main_app.c ****   * @retval None
 321:Core/Src/main_app.c ****   */
 322:Core/Src/main_app.c **** void RTC_AlarmConfig(void)
 323:Core/Src/main_app.c **** {
ARM GAS  /tmp/cc1vbrFG.s 			page 13


 324:Core/Src/main_app.c ****   RTC_AlarmTypeDef AlarmA_Set;
 325:Core/Src/main_app.c ****   memset(&AlarmA_Set,0,sizeof(AlarmA_Set));
 326:Core/Src/main_app.c ****   HAL_RTC_DeactivateAlarm(&hrtc,RTC_ALARM_A);
 327:Core/Src/main_app.c **** 
 328:Core/Src/main_app.c ****   //xx:45:09
 329:Core/Src/main_app.c ****   AlarmA_Set.Alarm = RTC_ALARM_A;
 330:Core/Src/main_app.c ****   AlarmA_Set.AlarmTime.Minutes = 16;
 331:Core/Src/main_app.c ****   AlarmA_Set.AlarmTime.Seconds = 20;
 332:Core/Src/main_app.c ****   AlarmA_Set.AlarmMask = RTC_ALARMMASK_HOURS | RTC_ALARMMASK_DATEWEEKDAY ;
 333:Core/Src/main_app.c ****   AlarmA_Set.AlarmSubSecondMask = RTC_ALARMSUBSECONDMASK_NONE;
 334:Core/Src/main_app.c ****   if ( HAL_RTC_SetAlarm_IT(&hrtc, &AlarmA_Set, RTC_FORMAT_BIN) != HAL_OK)
 335:Core/Src/main_app.c ****   {
 336:Core/Src/main_app.c ****     Error_handler();
 337:Core/Src/main_app.c ****   }
 338:Core/Src/main_app.c ****   printmsg("Alarm Set Successful\r\n");
 339:Core/Src/main_app.c **** }
 340:Core/Src/main_app.c **** 
 341:Core/Src/main_app.c **** /**
 342:Core/Src/main_app.c ****   * @brief  Alarm A callback.
 343:Core/Src/main_app.c ****   * @param  hrtc pointer to a RTC_HandleTypeDef structure that contains
 344:Core/Src/main_app.c ****   *                the configuration information for RTC.
 345:Core/Src/main_app.c ****   * @retval None
 346:Core/Src/main_app.c ****   */
 347:Core/Src/main_app.c **** void HAL_RTC_AlarmAEventCallback(RTC_HandleTypeDef *hrtc)
 348:Core/Src/main_app.c **** {
 363              		.loc 1 348 1 is_stmt 1 view -0
 364              		.cfi_startproc
 365              		@ args = 0, pretend = 0, frame = 24
 366              		@ frame_needed = 0, uses_anonymous_args = 0
 367              		.loc 1 348 1 is_stmt 0 view .LVU75
 368 0000 10B5     		push	{r4, lr}
 369              	.LCFI15:
 370              		.cfi_def_cfa_offset 8
 371              		.cfi_offset 4, -8
 372              		.cfi_offset 14, -4
 373 0002 86B0     		sub	sp, sp, #24
 374              	.LCFI16:
 375              		.cfi_def_cfa_offset 32
 376 0004 0446     		mov	r4, r0
 349:Core/Src/main_app.c ****   printmsg("Alarm Triggered \r\n");
 377              		.loc 1 349 3 is_stmt 1 view .LVU76
 378 0006 1848     		ldr	r0, .L19
 379              	.LVL14:
 380              		.loc 1 349 3 is_stmt 0 view .LVU77
 381 0008 FFF7FEFF 		bl	printmsg
 382              	.LVL15:
 350:Core/Src/main_app.c ****   RTC_TimeTypeDef RTC_TimeRead;
 383              		.loc 1 350 3 is_stmt 1 view .LVU78
 351:Core/Src/main_app.c ****   HAL_RTC_GetTime(hrtc,&RTC_TimeRead,RTC_FORMAT_BIN);
 384              		.loc 1 351 3 view .LVU79
 385 000c 0022     		movs	r2, #0
 386 000e 01A9     		add	r1, sp, #4
 387 0010 2046     		mov	r0, r4
 388 0012 FFF7FEFF 		bl	HAL_RTC_GetTime
 389              	.LVL16:
 352:Core/Src/main_app.c ****   printmsg("Current Time is : %02d:%02d:%02d\r\n",RTC_TimeRead.Hours,\
 390              		.loc 1 352 3 view .LVU80
ARM GAS  /tmp/cc1vbrFG.s 			page 14


 391 0016 9DF80630 		ldrb	r3, [sp, #6]	@ zero_extendqisi2
 392 001a 9DF80520 		ldrb	r2, [sp, #5]	@ zero_extendqisi2
 393 001e 9DF80410 		ldrb	r1, [sp, #4]	@ zero_extendqisi2
 394 0022 1248     		ldr	r0, .L19+4
 395 0024 FFF7FEFF 		bl	printmsg
 396              	.LVL17:
 353:Core/Src/main_app.c ****   RTC_TimeRead.Minutes,RTC_TimeRead.Seconds);
 354:Core/Src/main_app.c **** 
 355:Core/Src/main_app.c ****   HAL_GPIO_WritePin(GPIOA,GPIO_PIN_5,GPIO_PIN_SET);
 397              		.loc 1 355 3 view .LVU81
 398 0028 0122     		movs	r2, #1
 399 002a 2021     		movs	r1, #32
 400 002c 4FF09040 		mov	r0, #1207959552
 401 0030 FFF7FEFF 		bl	HAL_GPIO_WritePin
 402              	.LVL18:
 356:Core/Src/main_app.c ****   HAL_GPIO_WritePin(GPIOA,GPIO_PIN_8,GPIO_PIN_SET);
 403              		.loc 1 356 3 view .LVU82
 404 0034 0122     		movs	r2, #1
 405 0036 4FF48071 		mov	r1, #256
 406 003a 4FF09040 		mov	r0, #1207959552
 407 003e FFF7FEFF 		bl	HAL_GPIO_WritePin
 408              	.LVL19:
 357:Core/Src/main_app.c ****   HAL_Delay(2000);
 409              		.loc 1 357 3 view .LVU83
 410 0042 4FF4FA60 		mov	r0, #2000
 411 0046 FFF7FEFF 		bl	HAL_Delay
 412              	.LVL20:
 358:Core/Src/main_app.c ****   HAL_GPIO_WritePin(GPIOA,GPIO_PIN_5,GPIO_PIN_RESET);
 413              		.loc 1 358 3 view .LVU84
 414 004a 0022     		movs	r2, #0
 415 004c 2021     		movs	r1, #32
 416 004e 4FF09040 		mov	r0, #1207959552
 417 0052 FFF7FEFF 		bl	HAL_GPIO_WritePin
 418              	.LVL21:
 359:Core/Src/main_app.c ****   HAL_GPIO_WritePin(GPIOA,GPIO_PIN_8,GPIO_PIN_RESET);
 419              		.loc 1 359 3 view .LVU85
 420 0056 0022     		movs	r2, #0
 421 0058 4FF48071 		mov	r1, #256
 422 005c 4FF09040 		mov	r0, #1207959552
 423 0060 FFF7FEFF 		bl	HAL_GPIO_WritePin
 424              	.LVL22:
 360:Core/Src/main_app.c **** }
 425              		.loc 1 360 1 is_stmt 0 view .LVU86
 426 0064 06B0     		add	sp, sp, #24
 427              	.LCFI17:
 428              		.cfi_def_cfa_offset 8
 429              		@ sp needed
 430 0066 10BD     		pop	{r4, pc}
 431              	.LVL23:
 432              	.L20:
 433              		.loc 1 360 1 view .LVU87
 434              		.align	2
 435              	.L19:
 436 0068 00000000 		.word	.LC9
 437 006c 14000000 		.word	.LC10
 438              		.cfi_endproc
 439              	.LFE145:
ARM GAS  /tmp/cc1vbrFG.s 			page 15


 441              		.section	.text.Error_handler,"ax",%progbits
 442              		.align	1
 443              		.global	Error_handler
 444              		.syntax unified
 445              		.thumb
 446              		.thumb_func
 448              	Error_handler:
 449              	.LFB146:
 361:Core/Src/main_app.c **** 
 362:Core/Src/main_app.c **** /**
 363:Core/Src/main_app.c ****   * @brief  This function is executed in case of error occurrence.
 364:Core/Src/main_app.c ****   * @retval None
 365:Core/Src/main_app.c ****   */
 366:Core/Src/main_app.c **** void Error_handler(void)
 367:Core/Src/main_app.c **** {
 450              		.loc 1 367 1 is_stmt 1 view -0
 451              		.cfi_startproc
 452              		@ Volatile: function does not return.
 453              		@ args = 0, pretend = 0, frame = 0
 454              		@ frame_needed = 0, uses_anonymous_args = 0
 455              		@ link register save eliminated.
 456              	.L22:
 368:Core/Src/main_app.c ****   while(1);
 457              		.loc 1 368 3 view .LVU89
 458              		.loc 1 368 8 view .LVU90
 459 0000 FEE7     		b	.L22
 460              		.cfi_endproc
 461              	.LFE146:
 463              		.section	.text.SystemClock_Config,"ax",%progbits
 464              		.align	1
 465              		.global	SystemClock_Config
 466              		.syntax unified
 467              		.thumb
 468              		.thumb_func
 470              	SystemClock_Config:
 471              	.LVL24:
 472              	.LFB137:
  95:Core/Src/main_app.c ****   RCC_OscInitTypeDef osc_init;
 473              		.loc 1 95 1 view -0
 474              		.cfi_startproc
 475              		@ args = 0, pretend = 0, frame = 88
 476              		@ frame_needed = 0, uses_anonymous_args = 0
  95:Core/Src/main_app.c ****   RCC_OscInitTypeDef osc_init;
 477              		.loc 1 95 1 is_stmt 0 view .LVU92
 478 0000 10B5     		push	{r4, lr}
 479              	.LCFI18:
 480              		.cfi_def_cfa_offset 8
 481              		.cfi_offset 4, -8
 482              		.cfi_offset 14, -4
 483 0002 96B0     		sub	sp, sp, #88
 484              	.LCFI19:
 485              		.cfi_def_cfa_offset 96
  96:Core/Src/main_app.c ****   RCC_ClkInitTypeDef clk_init;
 486              		.loc 1 96 3 is_stmt 1 view .LVU93
  97:Core/Src/main_app.c ****   uint32_t FLatency =0;
 487              		.loc 1 97 3 view .LVU94
  98:Core/Src/main_app.c **** 
ARM GAS  /tmp/cc1vbrFG.s 			page 16


 488              		.loc 1 98 3 view .LVU95
 489              	.LVL25:
 100:Core/Src/main_app.c **** 	osc_init.HSIState = RCC_HSI_ON;
 490              		.loc 1 100 3 view .LVU96
 100:Core/Src/main_app.c **** 	osc_init.HSIState = RCC_HSI_ON;
 491              		.loc 1 100 27 is_stmt 0 view .LVU97
 492 0004 0223     		movs	r3, #2
 493 0006 0593     		str	r3, [sp, #20]
 101:Core/Src/main_app.c **** 	osc_init.HSICalibrationValue = 16;
 494              		.loc 1 101 2 is_stmt 1 view .LVU98
 101:Core/Src/main_app.c **** 	osc_init.HSICalibrationValue = 16;
 495              		.loc 1 101 20 is_stmt 0 view .LVU99
 496 0008 4FF48072 		mov	r2, #256
 497 000c 0892     		str	r2, [sp, #32]
 102:Core/Src/main_app.c **** 	osc_init.PLL.PLLState = RCC_PLL_ON;
 498              		.loc 1 102 2 is_stmt 1 view .LVU100
 102:Core/Src/main_app.c **** 	osc_init.PLL.PLLState = RCC_PLL_ON;
 499              		.loc 1 102 31 is_stmt 0 view .LVU101
 500 000e 1022     		movs	r2, #16
 501 0010 0992     		str	r2, [sp, #36]
 103:Core/Src/main_app.c **** 	osc_init.PLL.PLLSource = RCC_PLLSOURCE_HSI;
 502              		.loc 1 103 2 is_stmt 1 view .LVU102
 103:Core/Src/main_app.c **** 	osc_init.PLL.PLLSource = RCC_PLLSOURCE_HSI;
 503              		.loc 1 103 24 is_stmt 0 view .LVU103
 504 0012 0F93     		str	r3, [sp, #60]
 104:Core/Src/main_app.c **** 
 505              		.loc 1 104 2 is_stmt 1 view .LVU104
 104:Core/Src/main_app.c **** 
 506              		.loc 1 104 25 is_stmt 0 view .LVU105
 507 0014 1093     		str	r3, [sp, #64]
 106:Core/Src/main_app.c ****         case SYS_CLOCK_FREQ_50_MHZ:{
 508              		.loc 1 106 3 is_stmt 1 view .LVU106
 509 0016 3228     		cmp	r0, #50
 510 0018 14D0     		beq	.L24
 511 001a 5028     		cmp	r0, #80
 512 001c 40D1     		bne	.L23
 125:Core/Src/main_app.c ****         osc_init.PLL.PLLN = 20;
 513              		.loc 1 125 9 view .LVU107
 125:Core/Src/main_app.c ****         osc_init.PLL.PLLN = 20;
 514              		.loc 1 125 27 is_stmt 0 view .LVU108
 515 001e 0221     		movs	r1, #2
 516 0020 1191     		str	r1, [sp, #68]
 126:Core/Src/main_app.c ****         osc_init.PLL.PLLR=2;
 517              		.loc 1 126 9 is_stmt 1 view .LVU109
 126:Core/Src/main_app.c ****         osc_init.PLL.PLLR=2;
 518              		.loc 1 126 27 is_stmt 0 view .LVU110
 519 0022 1423     		movs	r3, #20
 520 0024 1293     		str	r3, [sp, #72]
 127:Core/Src/main_app.c ****         osc_init.PLL.PLLP = 2;
 521              		.loc 1 127 9 is_stmt 1 view .LVU111
 127:Core/Src/main_app.c ****         osc_init.PLL.PLLP = 2;
 522              		.loc 1 127 26 is_stmt 0 view .LVU112
 523 0026 1591     		str	r1, [sp, #84]
 128:Core/Src/main_app.c ****         osc_init.PLL.PLLQ  = 2;
 524              		.loc 1 128 9 is_stmt 1 view .LVU113
 128:Core/Src/main_app.c ****         osc_init.PLL.PLLQ  = 2;
 525              		.loc 1 128 27 is_stmt 0 view .LVU114
ARM GAS  /tmp/cc1vbrFG.s 			page 17


 526 0028 1391     		str	r1, [sp, #76]
 129:Core/Src/main_app.c **** 
 527              		.loc 1 129 9 is_stmt 1 view .LVU115
 129:Core/Src/main_app.c **** 
 528              		.loc 1 129 28 is_stmt 0 view .LVU116
 529 002a 1491     		str	r1, [sp, #80]
 131:Core/Src/main_app.c ****                             RCC_CLOCKTYPE_PCLK1  | RCC_CLOCKTYPE_PCLK2;
 530              		.loc 1 131 9 is_stmt 1 view .LVU117
 131:Core/Src/main_app.c ****                             RCC_CLOCKTYPE_PCLK1  | RCC_CLOCKTYPE_PCLK2;
 531              		.loc 1 131 28 is_stmt 0 view .LVU118
 532 002c 0F23     		movs	r3, #15
 533 002e 0093     		str	r3, [sp]
 133:Core/Src/main_app.c ****         clk_init.AHBCLKDivider = RCC_SYSCLK_DIV1;
 534              		.loc 1 133 9 is_stmt 1 view .LVU119
 133:Core/Src/main_app.c ****         clk_init.AHBCLKDivider = RCC_SYSCLK_DIV1;
 535              		.loc 1 133 31 is_stmt 0 view .LVU120
 536 0030 0323     		movs	r3, #3
 537 0032 0193     		str	r3, [sp, #4]
 134:Core/Src/main_app.c ****         clk_init.APB1CLKDivider = RCC_HCLK_DIV2;
 538              		.loc 1 134 9 is_stmt 1 view .LVU121
 134:Core/Src/main_app.c ****         clk_init.APB1CLKDivider = RCC_HCLK_DIV2;
 539              		.loc 1 134 32 is_stmt 0 view .LVU122
 540 0034 0023     		movs	r3, #0
 541 0036 0293     		str	r3, [sp, #8]
 135:Core/Src/main_app.c ****         clk_init.APB2CLKDivider = RCC_HCLK_DIV2;
 542              		.loc 1 135 9 is_stmt 1 view .LVU123
 135:Core/Src/main_app.c ****         clk_init.APB2CLKDivider = RCC_HCLK_DIV2;
 543              		.loc 1 135 33 is_stmt 0 view .LVU124
 544 0038 4FF48063 		mov	r3, #1024
 545 003c 0393     		str	r3, [sp, #12]
 136:Core/Src/main_app.c **** 
 546              		.loc 1 136 9 is_stmt 1 view .LVU125
 136:Core/Src/main_app.c **** 
 547              		.loc 1 136 33 is_stmt 0 view .LVU126
 548 003e 0493     		str	r3, [sp, #16]
 138:Core/Src/main_app.c **** 
 549              		.loc 1 138 9 is_stmt 1 view .LVU127
 550              	.LVL26:
 140:Core/Src/main_app.c ****     }
 551              		.loc 1 140 9 view .LVU128
 138:Core/Src/main_app.c **** 
 552              		.loc 1 138 18 is_stmt 0 view .LVU129
 553 0040 0C46     		mov	r4, r1
 140:Core/Src/main_app.c ****     }
 554              		.loc 1 140 9 view .LVU130
 555 0042 13E0     		b	.L27
 556              	.LVL27:
 557              	.L24:
 108:Core/Src/main_app.c ****             osc_init.PLL.PLLN = 25;
 558              		.loc 1 108 13 is_stmt 1 view .LVU131
 108:Core/Src/main_app.c ****             osc_init.PLL.PLLN = 25;
 559              		.loc 1 108 31 is_stmt 0 view .LVU132
 560 0044 0423     		movs	r3, #4
 561 0046 1193     		str	r3, [sp, #68]
 109:Core/Src/main_app.c ****             osc_init.PLL.PLLR= 2;
 562              		.loc 1 109 13 is_stmt 1 view .LVU133
 109:Core/Src/main_app.c ****             osc_init.PLL.PLLR= 2;
ARM GAS  /tmp/cc1vbrFG.s 			page 18


 563              		.loc 1 109 31 is_stmt 0 view .LVU134
 564 0048 1923     		movs	r3, #25
 565 004a 1293     		str	r3, [sp, #72]
 110:Core/Src/main_app.c ****             osc_init.PLL.PLLP = 2;
 566              		.loc 1 110 13 is_stmt 1 view .LVU135
 110:Core/Src/main_app.c ****             osc_init.PLL.PLLP = 2;
 567              		.loc 1 110 30 is_stmt 0 view .LVU136
 568 004c 0223     		movs	r3, #2
 569 004e 1593     		str	r3, [sp, #84]
 111:Core/Src/main_app.c ****             osc_init.PLL.PLLQ  = 2;
 570              		.loc 1 111 13 is_stmt 1 view .LVU137
 111:Core/Src/main_app.c ****             osc_init.PLL.PLLQ  = 2;
 571              		.loc 1 111 31 is_stmt 0 view .LVU138
 572 0050 1393     		str	r3, [sp, #76]
 112:Core/Src/main_app.c **** 
 573              		.loc 1 112 13 is_stmt 1 view .LVU139
 112:Core/Src/main_app.c **** 
 574              		.loc 1 112 32 is_stmt 0 view .LVU140
 575 0052 1493     		str	r3, [sp, #80]
 114:Core/Src/main_app.c ****                                 RCC_CLOCKTYPE_PCLK1  | RCC_CLOCKTYPE_PCLK2;
 576              		.loc 1 114 13 is_stmt 1 view .LVU141
 114:Core/Src/main_app.c ****                                 RCC_CLOCKTYPE_PCLK1  | RCC_CLOCKTYPE_PCLK2;
 577              		.loc 1 114 32 is_stmt 0 view .LVU142
 578 0054 0F23     		movs	r3, #15
 579 0056 0093     		str	r3, [sp]
 116:Core/Src/main_app.c ****             clk_init.AHBCLKDivider = RCC_SYSCLK_DIV1;
 580              		.loc 1 116 13 is_stmt 1 view .LVU143
 116:Core/Src/main_app.c ****             clk_init.AHBCLKDivider = RCC_SYSCLK_DIV1;
 581              		.loc 1 116 35 is_stmt 0 view .LVU144
 582 0058 0323     		movs	r3, #3
 583 005a 0193     		str	r3, [sp, #4]
 117:Core/Src/main_app.c ****             clk_init.APB1CLKDivider = RCC_HCLK_DIV2;
 584              		.loc 1 117 13 is_stmt 1 view .LVU145
 117:Core/Src/main_app.c ****             clk_init.APB1CLKDivider = RCC_HCLK_DIV2;
 585              		.loc 1 117 36 is_stmt 0 view .LVU146
 586 005c 0023     		movs	r3, #0
 587 005e 0293     		str	r3, [sp, #8]
 118:Core/Src/main_app.c ****             clk_init.APB2CLKDivider = RCC_HCLK_DIV2;
 588              		.loc 1 118 13 is_stmt 1 view .LVU147
 118:Core/Src/main_app.c ****             clk_init.APB2CLKDivider = RCC_HCLK_DIV2;
 589              		.loc 1 118 37 is_stmt 0 view .LVU148
 590 0060 4FF48063 		mov	r3, #1024
 591 0064 0393     		str	r3, [sp, #12]
 119:Core/Src/main_app.c **** 
 592              		.loc 1 119 13 is_stmt 1 view .LVU149
 119:Core/Src/main_app.c **** 
 593              		.loc 1 119 37 is_stmt 0 view .LVU150
 594 0066 0493     		str	r3, [sp, #16]
 121:Core/Src/main_app.c ****             break;
 595              		.loc 1 121 13 is_stmt 1 view .LVU151
 596              	.LVL28:
 122:Core/Src/main_app.c ****     }
 597              		.loc 1 122 13 view .LVU152
 121:Core/Src/main_app.c ****             break;
 598              		.loc 1 121 22 is_stmt 0 view .LVU153
 599 0068 0123     		movs	r3, #1
 600 006a 1C46     		mov	r4, r3
ARM GAS  /tmp/cc1vbrFG.s 			page 19


 601              	.LVL29:
 602              	.L27:
 147:Core/Src/main_app.c **** 	{
 603              		.loc 1 147 2 is_stmt 1 view .LVU154
 147:Core/Src/main_app.c **** 	{
 604              		.loc 1 147 5 is_stmt 0 view .LVU155
 605 006c 05A8     		add	r0, sp, #20
 606              	.LVL30:
 147:Core/Src/main_app.c **** 	{
 607              		.loc 1 147 5 view .LVU156
 608 006e FFF7FEFF 		bl	HAL_RCC_OscConfig
 609              	.LVL31:
 147:Core/Src/main_app.c **** 	{
 610              		.loc 1 147 4 discriminator 1 view .LVU157
 611 0072 B8B9     		cbnz	r0, .L32
 153:Core/Src/main_app.c **** 	{
 612              		.loc 1 153 2 is_stmt 1 view .LVU158
 153:Core/Src/main_app.c **** 	{
 613              		.loc 1 153 5 is_stmt 0 view .LVU159
 614 0074 2146     		mov	r1, r4
 615 0076 6846     		mov	r0, sp
 616 0078 FFF7FEFF 		bl	HAL_RCC_ClockConfig
 617              	.LVL32:
 153:Core/Src/main_app.c **** 	{
 618              		.loc 1 153 4 discriminator 1 view .LVU160
 619 007c A0B9     		cbnz	r0, .L33
 161:Core/Src/main_app.c ****   HAL_SYSTICK_Config(hclk_freq/1000);
 620              		.loc 1 161 3 is_stmt 1 view .LVU161
 161:Core/Src/main_app.c ****   HAL_SYSTICK_Config(hclk_freq/1000);
 621              		.loc 1 161 24 is_stmt 0 view .LVU162
 622 007e FFF7FEFF 		bl	HAL_RCC_GetHCLKFreq
 623              	.LVL33:
 162:Core/Src/main_app.c **** 
 624              		.loc 1 162 3 is_stmt 1 view .LVU163
 162:Core/Src/main_app.c **** 
 625              		.loc 1 162 31 is_stmt 0 view .LVU164
 626 0082 0A4B     		ldr	r3, .L34
 627 0084 A3FB0030 		umull	r3, r0, r3, r0
 628              	.LVL34:
 162:Core/Src/main_app.c **** 
 629              		.loc 1 162 3 view .LVU165
 630 0088 8009     		lsrs	r0, r0, #6
 631 008a FFF7FEFF 		bl	HAL_SYSTICK_Config
 632              	.LVL35:
 166:Core/Src/main_app.c **** 
 633              		.loc 1 166 3 is_stmt 1 view .LVU166
 634 008e 0420     		movs	r0, #4
 635 0090 FFF7FEFF 		bl	HAL_SYSTICK_CLKSourceConfig
 636              	.LVL36:
 169:Core/Src/main_app.c **** }
 637              		.loc 1 169 3 view .LVU167
 638 0094 0022     		movs	r2, #0
 639 0096 1146     		mov	r1, r2
 640 0098 4FF0FF30 		mov	r0, #-1
 641 009c FFF7FEFF 		bl	HAL_NVIC_SetPriority
 642              	.LVL37:
 643              	.L23:
ARM GAS  /tmp/cc1vbrFG.s 			page 20


 170:Core/Src/main_app.c **** 
 644              		.loc 1 170 1 is_stmt 0 view .LVU168
 645 00a0 16B0     		add	sp, sp, #88
 646              	.LCFI20:
 647              		.cfi_remember_state
 648              		.cfi_def_cfa_offset 8
 649              		@ sp needed
 650 00a2 10BD     		pop	{r4, pc}
 651              	.LVL38:
 652              	.L32:
 653              	.LCFI21:
 654              		.cfi_restore_state
 149:Core/Src/main_app.c **** 	}
 655              		.loc 1 149 3 is_stmt 1 view .LVU169
 656 00a4 FFF7FEFF 		bl	Error_handler
 657              	.LVL39:
 658              	.L33:
 155:Core/Src/main_app.c **** 	}
 659              		.loc 1 155 3 view .LVU170
 660 00a8 FFF7FEFF 		bl	Error_handler
 661              	.LVL40:
 662              	.L35:
 663              		.align	2
 664              	.L34:
 665 00ac D34D6210 		.word	274877907
 666              		.cfi_endproc
 667              	.LFE137:
 669              		.section	.text.RTC_Init,"ax",%progbits
 670              		.align	1
 671              		.global	RTC_Init
 672              		.syntax unified
 673              		.thumb
 674              		.thumb_func
 676              	RTC_Init:
 677              	.LFB138:
 178:Core/Src/main_app.c ****   hrtc.Instance = RTC;
 678              		.loc 1 178 1 view -0
 679              		.cfi_startproc
 680              		@ args = 0, pretend = 0, frame = 0
 681              		@ frame_needed = 0, uses_anonymous_args = 0
 682 0000 08B5     		push	{r3, lr}
 683              	.LCFI22:
 684              		.cfi_def_cfa_offset 8
 685              		.cfi_offset 3, -8
 686              		.cfi_offset 14, -4
 179:Core/Src/main_app.c ****   hrtc.Init.HourFormat = RTC_HOURFORMAT_24;
 687              		.loc 1 179 3 view .LVU172
 179:Core/Src/main_app.c ****   hrtc.Init.HourFormat = RTC_HOURFORMAT_24;
 688              		.loc 1 179 17 is_stmt 0 view .LVU173
 689 0002 0A48     		ldr	r0, .L40
 690 0004 0A4B     		ldr	r3, .L40+4
 691 0006 0360     		str	r3, [r0]
 180:Core/Src/main_app.c ****   hrtc.Init.AsynchPrediv = 0x7F;
 692              		.loc 1 180 3 is_stmt 1 view .LVU174
 180:Core/Src/main_app.c ****   hrtc.Init.AsynchPrediv = 0x7F;
 693              		.loc 1 180 24 is_stmt 0 view .LVU175
 694 0008 0023     		movs	r3, #0
ARM GAS  /tmp/cc1vbrFG.s 			page 21


 695 000a 4360     		str	r3, [r0, #4]
 181:Core/Src/main_app.c ****   hrtc.Init.SynchPrediv = 0xFF;
 696              		.loc 1 181 3 is_stmt 1 view .LVU176
 181:Core/Src/main_app.c ****   hrtc.Init.SynchPrediv = 0xFF;
 697              		.loc 1 181 26 is_stmt 0 view .LVU177
 698 000c 7F22     		movs	r2, #127
 699 000e 8260     		str	r2, [r0, #8]
 182:Core/Src/main_app.c ****   hrtc.Init.OutPut = RTC_OUTPUT_DISABLE;
 700              		.loc 1 182 3 is_stmt 1 view .LVU178
 182:Core/Src/main_app.c ****   hrtc.Init.OutPut = RTC_OUTPUT_DISABLE;
 701              		.loc 1 182 25 is_stmt 0 view .LVU179
 702 0010 FF22     		movs	r2, #255
 703 0012 C260     		str	r2, [r0, #12]
 183:Core/Src/main_app.c ****   hrtc.Init.OutPutPolarity = RTC_OUTPUT_POLARITY_LOW;
 704              		.loc 1 183 3 is_stmt 1 view .LVU180
 183:Core/Src/main_app.c ****   hrtc.Init.OutPutPolarity = RTC_OUTPUT_POLARITY_LOW;
 705              		.loc 1 183 20 is_stmt 0 view .LVU181
 706 0014 0361     		str	r3, [r0, #16]
 184:Core/Src/main_app.c ****   hrtc.Init.OutPutType = RTC_OUTPUT_TYPE_OPENDRAIN;
 707              		.loc 1 184 3 is_stmt 1 view .LVU182
 184:Core/Src/main_app.c ****   hrtc.Init.OutPutType = RTC_OUTPUT_TYPE_OPENDRAIN;
 708              		.loc 1 184 28 is_stmt 0 view .LVU183
 709 0016 4FF48012 		mov	r2, #1048576
 710 001a 8261     		str	r2, [r0, #24]
 185:Core/Src/main_app.c **** 
 711              		.loc 1 185 3 is_stmt 1 view .LVU184
 185:Core/Src/main_app.c **** 
 712              		.loc 1 185 24 is_stmt 0 view .LVU185
 713 001c C361     		str	r3, [r0, #28]
 187:Core/Src/main_app.c ****   {
 714              		.loc 1 187 3 is_stmt 1 view .LVU186
 187:Core/Src/main_app.c ****   {
 715              		.loc 1 187 7 is_stmt 0 view .LVU187
 716 001e FFF7FEFF 		bl	HAL_RTC_Init
 717              	.LVL41:
 187:Core/Src/main_app.c ****   {
 718              		.loc 1 187 5 discriminator 1 view .LVU188
 719 0022 00B9     		cbnz	r0, .L39
 191:Core/Src/main_app.c **** 
 720              		.loc 1 191 1 view .LVU189
 721 0024 08BD     		pop	{r3, pc}
 722              	.L39:
 189:Core/Src/main_app.c ****   }
 723              		.loc 1 189 5 is_stmt 1 view .LVU190
 724 0026 FFF7FEFF 		bl	Error_handler
 725              	.LVL42:
 726              	.L41:
 727 002a 00BF     		.align	2
 728              	.L40:
 729 002c 00000000 		.word	hrtc
 730 0030 00280040 		.word	1073752064
 731              		.cfi_endproc
 732              	.LFE138:
 734              		.section	.text.UART2_Init,"ax",%progbits
 735              		.align	1
 736              		.global	UART2_Init
 737              		.syntax unified
ARM GAS  /tmp/cc1vbrFG.s 			page 22


 738              		.thumb
 739              		.thumb_func
 741              	UART2_Init:
 742              	.LFB141:
 252:Core/Src/main_app.c ****   huart2.Instance = USART2;
 743              		.loc 1 252 1 view -0
 744              		.cfi_startproc
 745              		@ args = 0, pretend = 0, frame = 0
 746              		@ frame_needed = 0, uses_anonymous_args = 0
 747 0000 08B5     		push	{r3, lr}
 748              	.LCFI23:
 749              		.cfi_def_cfa_offset 8
 750              		.cfi_offset 3, -8
 751              		.cfi_offset 14, -4
 253:Core/Src/main_app.c ****   huart2.Init.BaudRate =115200;
 752              		.loc 1 253 3 view .LVU192
 253:Core/Src/main_app.c ****   huart2.Init.BaudRate =115200;
 753              		.loc 1 253 19 is_stmt 0 view .LVU193
 754 0002 0948     		ldr	r0, .L46
 755 0004 094B     		ldr	r3, .L46+4
 756 0006 0360     		str	r3, [r0]
 254:Core/Src/main_app.c ****   huart2.Init.WordLength = UART_WORDLENGTH_8B;
 757              		.loc 1 254 3 is_stmt 1 view .LVU194
 254:Core/Src/main_app.c ****   huart2.Init.WordLength = UART_WORDLENGTH_8B;
 758              		.loc 1 254 24 is_stmt 0 view .LVU195
 759 0008 4FF4E133 		mov	r3, #115200
 760 000c 4360     		str	r3, [r0, #4]
 255:Core/Src/main_app.c ****   huart2.Init.StopBits = UART_STOPBITS_1;
 761              		.loc 1 255 3 is_stmt 1 view .LVU196
 255:Core/Src/main_app.c ****   huart2.Init.StopBits = UART_STOPBITS_1;
 762              		.loc 1 255 26 is_stmt 0 view .LVU197
 763 000e 0023     		movs	r3, #0
 764 0010 8360     		str	r3, [r0, #8]
 256:Core/Src/main_app.c ****   huart2.Init.Parity = UART_PARITY_NONE;
 765              		.loc 1 256 3 is_stmt 1 view .LVU198
 256:Core/Src/main_app.c ****   huart2.Init.Parity = UART_PARITY_NONE;
 766              		.loc 1 256 24 is_stmt 0 view .LVU199
 767 0012 C360     		str	r3, [r0, #12]
 257:Core/Src/main_app.c ****   huart2.Init.HwFlowCtl = UART_HWCONTROL_NONE;
 768              		.loc 1 257 3 is_stmt 1 view .LVU200
 257:Core/Src/main_app.c ****   huart2.Init.HwFlowCtl = UART_HWCONTROL_NONE;
 769              		.loc 1 257 22 is_stmt 0 view .LVU201
 770 0014 0361     		str	r3, [r0, #16]
 258:Core/Src/main_app.c ****   huart2.Init.Mode = UART_MODE_TX;
 771              		.loc 1 258 3 is_stmt 1 view .LVU202
 258:Core/Src/main_app.c ****   huart2.Init.Mode = UART_MODE_TX;
 772              		.loc 1 258 25 is_stmt 0 view .LVU203
 773 0016 8361     		str	r3, [r0, #24]
 259:Core/Src/main_app.c **** 
 774              		.loc 1 259 3 is_stmt 1 view .LVU204
 259:Core/Src/main_app.c **** 
 775              		.loc 1 259 20 is_stmt 0 view .LVU205
 776 0018 0823     		movs	r3, #8
 777 001a 4361     		str	r3, [r0, #20]
 261:Core/Src/main_app.c ****   {
 778              		.loc 1 261 3 is_stmt 1 view .LVU206
 261:Core/Src/main_app.c ****   {
ARM GAS  /tmp/cc1vbrFG.s 			page 23


 779              		.loc 1 261 8 is_stmt 0 view .LVU207
 780 001c FFF7FEFF 		bl	HAL_UART_Init
 781              	.LVL43:
 261:Core/Src/main_app.c ****   {
 782              		.loc 1 261 6 discriminator 1 view .LVU208
 783 0020 00B9     		cbnz	r0, .L45
 266:Core/Src/main_app.c **** 
 784              		.loc 1 266 1 view .LVU209
 785 0022 08BD     		pop	{r3, pc}
 786              	.L45:
 264:Core/Src/main_app.c ****   }
 787              		.loc 1 264 5 is_stmt 1 view .LVU210
 788 0024 FFF7FEFF 		bl	Error_handler
 789              	.LVL44:
 790              	.L47:
 791              		.align	2
 792              	.L46:
 793 0028 00000000 		.word	huart2
 794 002c 00440040 		.word	1073759232
 795              		.cfi_endproc
 796              	.LFE141:
 798              		.section	.rodata.main.str1.4,"aMS",%progbits,1
 799              		.align	2
 800              	.LC11:
 801 0000 576F6B65 		.ascii	"Woke up from standby mode\015\012\000"
 801      20757020 
 801      66726F6D 
 801      20737461 
 801      6E646279 
 802              		.align	2
 803              	.LC12:
 804 001c 54686973 		.ascii	"This is RTC Alarm Test program\015\012\000"
 804      20697320 
 804      52544320 
 804      416C6172 
 804      6D205465 
 805              		.section	.text.main,"ax",%progbits
 806              		.align	1
 807              		.global	main
 808              		.syntax unified
 809              		.thumb
 810              		.thumb_func
 812              	main:
 813              	.LFB136:
  48:Core/Src/main_app.c ****   HAL_Init();
 814              		.loc 1 48 1 view -0
 815              		.cfi_startproc
 816              		@ Volatile: function does not return.
 817              		@ args = 0, pretend = 0, frame = 32
 818              		@ frame_needed = 0, uses_anonymous_args = 0
 819 0000 00B5     		push	{lr}
 820              	.LCFI24:
 821              		.cfi_def_cfa_offset 4
 822              		.cfi_offset 14, -4
 823 0002 89B0     		sub	sp, sp, #36
 824              	.LCFI25:
 825              		.cfi_def_cfa_offset 40
ARM GAS  /tmp/cc1vbrFG.s 			page 24


  49:Core/Src/main_app.c ****   GPIO_Init();
 826              		.loc 1 49 3 view .LVU212
 827 0004 FFF7FEFF 		bl	HAL_Init
 828              	.LVL45:
  50:Core/Src/main_app.c ****   SystemClock_Config(SYS_CLOCK_FREQ_50_MHZ);
 829              		.loc 1 50 3 view .LVU213
 830 0008 FFF7FEFF 		bl	GPIO_Init
 831              	.LVL46:
  51:Core/Src/main_app.c ****   UART2_Init();
 832              		.loc 1 51 3 view .LVU214
 833 000c 3220     		movs	r0, #50
 834 000e FFF7FEFF 		bl	SystemClock_Config
 835              	.LVL47:
  52:Core/Src/main_app.c ****   RTC_Init();
 836              		.loc 1 52 3 view .LVU215
 837 0012 FFF7FEFF 		bl	UART2_Init
 838              	.LVL48:
  53:Core/Src/main_app.c **** 
 839              		.loc 1 53 3 view .LVU216
 840 0016 FFF7FEFF 		bl	RTC_Init
 841              	.LVL49:
  56:Core/Src/main_app.c **** 
 842              		.loc 1 56 3 view .LVU217
 843              	.LBB4:
  56:Core/Src/main_app.c **** 
 844              		.loc 1 56 3 view .LVU218
  56:Core/Src/main_app.c **** 
 845              		.loc 1 56 3 view .LVU219
 846 001a 294B     		ldr	r3, .L53
 847 001c 9A6D     		ldr	r2, [r3, #88]
 848 001e 42F08052 		orr	r2, r2, #268435456
 849 0022 9A65     		str	r2, [r3, #88]
  56:Core/Src/main_app.c **** 
 850              		.loc 1 56 3 view .LVU220
 851 0024 9B6D     		ldr	r3, [r3, #88]
 852 0026 03F08053 		and	r3, r3, #268435456
 853 002a 0193     		str	r3, [sp, #4]
  56:Core/Src/main_app.c **** 
 854              		.loc 1 56 3 view .LVU221
 855 002c 019B     		ldr	r3, [sp, #4]
 856              	.LBE4:
  56:Core/Src/main_app.c **** 
 857              		.loc 1 56 3 view .LVU222
  58:Core/Src/main_app.c ****   {
 858              		.loc 1 58 3 view .LVU223
  58:Core/Src/main_app.c ****   {
 859              		.loc 1 58 6 is_stmt 0 view .LVU224
 860 002e 254B     		ldr	r3, .L53+4
 861 0030 1B69     		ldr	r3, [r3, #16]
  58:Core/Src/main_app.c ****   {
 862              		.loc 1 58 5 view .LVU225
 863 0032 13F4807F 		tst	r3, #256
 864 0036 03D1     		bne	.L52
 865              	.L49:
  83:Core/Src/main_app.c **** 
 866              		.loc 1 83 3 is_stmt 1 view .LVU226
 867 0038 2348     		ldr	r0, .L53+8
ARM GAS  /tmp/cc1vbrFG.s 			page 25


 868 003a FFF7FEFF 		bl	printmsg
 869              	.LVL50:
 870              	.L50:
  85:Core/Src/main_app.c **** 
 871              		.loc 1 85 3 view .LVU227
  85:Core/Src/main_app.c **** 
 872              		.loc 1 85 8 view .LVU228
 873 003e FEE7     		b	.L50
 874              	.L52:
 875              	.LBB5:
  60:Core/Src/main_app.c ****     __HAL_PWR_CLEAR_FLAG(PWR_FLAG_WU);
 876              		.loc 1 60 5 view .LVU229
 877 0040 204B     		ldr	r3, .L53+4
 878 0042 4FF48074 		mov	r4, #256
 879 0046 9C61     		str	r4, [r3, #24]
  61:Core/Src/main_app.c ****     __HAL_RTC_ALARM_CLEAR_FLAG(&hrtc,RTC_FLAG_ALRAF);
 880              		.loc 1 61 5 view .LVU230
 881 0048 1F22     		movs	r2, #31
 882 004a 9A61     		str	r2, [r3, #24]
  62:Core/Src/main_app.c **** 
 883              		.loc 1 62 5 view .LVU231
 884 004c 1F4D     		ldr	r5, .L53+12
 885 004e 2A68     		ldr	r2, [r5]
 886 0050 D368     		ldr	r3, [r2, #12]
 887 0052 DBB2     		uxtb	r3, r3
 888 0054 63F4C073 		orn	r3, r3, #384
 889 0058 D360     		str	r3, [r2, #12]
  64:Core/Src/main_app.c **** 
 890              		.loc 1 64 5 view .LVU232
 891 005a 1D48     		ldr	r0, .L53+16
 892 005c FFF7FEFF 		bl	printmsg
 893              	.LVL51:
  66:Core/Src/main_app.c ****     RTC_DateTypeDef RTC_DateRead;
 894              		.loc 1 66 5 view .LVU233
  67:Core/Src/main_app.c **** 
 895              		.loc 1 67 5 view .LVU234
  69:Core/Src/main_app.c ****     HAL_RTC_GetDate(&hrtc,&RTC_DateRead,RTC_FORMAT_BIN);
 896              		.loc 1 69 5 view .LVU235
 897 0060 0022     		movs	r2, #0
 898 0062 03A9     		add	r1, sp, #12
 899 0064 2846     		mov	r0, r5
 900 0066 FFF7FEFF 		bl	HAL_RTC_GetTime
 901              	.LVL52:
  70:Core/Src/main_app.c **** 
 902              		.loc 1 70 5 view .LVU236
 903 006a 0022     		movs	r2, #0
 904 006c 02A9     		add	r1, sp, #8
 905 006e 2846     		mov	r0, r5
 906 0070 FFF7FEFF 		bl	HAL_RTC_GetDate
 907              	.LVL53:
  72:Core/Src/main_app.c ****     RTC_TimeRead.Minutes,RTC_TimeRead.Seconds);
 908              		.loc 1 72 5 view .LVU237
 909 0074 9DF80E30 		ldrb	r3, [sp, #14]	@ zero_extendqisi2
 910 0078 9DF80D20 		ldrb	r2, [sp, #13]	@ zero_extendqisi2
 911 007c 9DF80C10 		ldrb	r1, [sp, #12]	@ zero_extendqisi2
 912 0080 1448     		ldr	r0, .L53+20
 913 0082 FFF7FEFF 		bl	printmsg
ARM GAS  /tmp/cc1vbrFG.s 			page 26


 914              	.LVL54:
  76:Core/Src/main_app.c ****     HAL_GPIO_WritePin(GPIOA,GPIO_PIN_8,GPIO_PIN_SET);
 915              		.loc 1 76 5 view .LVU238
 916 0086 0122     		movs	r2, #1
 917 0088 2021     		movs	r1, #32
 918 008a 4FF09040 		mov	r0, #1207959552
 919 008e FFF7FEFF 		bl	HAL_GPIO_WritePin
 920              	.LVL55:
  77:Core/Src/main_app.c ****     HAL_Delay(2000);
 921              		.loc 1 77 5 view .LVU239
 922 0092 0122     		movs	r2, #1
 923 0094 2146     		mov	r1, r4
 924 0096 4FF09040 		mov	r0, #1207959552
 925 009a FFF7FEFF 		bl	HAL_GPIO_WritePin
 926              	.LVL56:
  78:Core/Src/main_app.c ****     HAL_GPIO_WritePin(GPIOA,GPIO_PIN_5,GPIO_PIN_RESET);
 927              		.loc 1 78 5 view .LVU240
 928 009e 4FF4FA60 		mov	r0, #2000
 929 00a2 FFF7FEFF 		bl	HAL_Delay
 930              	.LVL57:
  79:Core/Src/main_app.c ****     HAL_GPIO_WritePin(GPIOA,GPIO_PIN_8,GPIO_PIN_RESET);
 931              		.loc 1 79 5 view .LVU241
 932 00a6 0022     		movs	r2, #0
 933 00a8 2021     		movs	r1, #32
 934 00aa 4FF09040 		mov	r0, #1207959552
 935 00ae FFF7FEFF 		bl	HAL_GPIO_WritePin
 936              	.LVL58:
  80:Core/Src/main_app.c ****   }
 937              		.loc 1 80 5 view .LVU242
 938 00b2 0022     		movs	r2, #0
 939 00b4 2146     		mov	r1, r4
 940 00b6 4FF09040 		mov	r0, #1207959552
 941 00ba FFF7FEFF 		bl	HAL_GPIO_WritePin
 942              	.LVL59:
 943 00be BBE7     		b	.L49
 944              	.L54:
 945              		.align	2
 946              	.L53:
 947 00c0 00100240 		.word	1073876992
 948 00c4 00700040 		.word	1073770496
 949 00c8 1C000000 		.word	.LC12
 950 00cc 00000000 		.word	hrtc
 951 00d0 00000000 		.word	.LC11
 952 00d4 14000000 		.word	.LC10
 953              	.LBE5:
 954              		.cfi_endproc
 955              	.LFE136:
 957              		.section	.rodata.RTC_AlarmConfig.str1.4,"aMS",%progbits,1
 958              		.align	2
 959              	.LC13:
 960 0000 416C6172 		.ascii	"Alarm Set Successful\015\012\000"
 960      6D205365 
 960      74205375 
 960      63636573 
 960      7366756C 
 961              		.section	.text.RTC_AlarmConfig,"ax",%progbits
 962              		.align	1
ARM GAS  /tmp/cc1vbrFG.s 			page 27


 963              		.global	RTC_AlarmConfig
 964              		.syntax unified
 965              		.thumb
 966              		.thumb_func
 968              	RTC_AlarmConfig:
 969              	.LFB144:
 323:Core/Src/main_app.c ****   RTC_AlarmTypeDef AlarmA_Set;
 970              		.loc 1 323 1 view -0
 971              		.cfi_startproc
 972              		@ args = 0, pretend = 0, frame = 48
 973              		@ frame_needed = 0, uses_anonymous_args = 0
 974 0000 30B5     		push	{r4, r5, lr}
 975              	.LCFI26:
 976              		.cfi_def_cfa_offset 12
 977              		.cfi_offset 4, -12
 978              		.cfi_offset 5, -8
 979              		.cfi_offset 14, -4
 980 0002 8DB0     		sub	sp, sp, #52
 981              	.LCFI27:
 982              		.cfi_def_cfa_offset 64
 324:Core/Src/main_app.c ****   memset(&AlarmA_Set,0,sizeof(AlarmA_Set));
 983              		.loc 1 324 3 view .LVU244
 325:Core/Src/main_app.c ****   HAL_RTC_DeactivateAlarm(&hrtc,RTC_ALARM_A);
 984              		.loc 1 325 3 view .LVU245
 985 0004 01AD     		add	r5, sp, #4
 986 0006 2C22     		movs	r2, #44
 987 0008 0021     		movs	r1, #0
 988 000a 2846     		mov	r0, r5
 989 000c FFF7FEFF 		bl	memset
 990              	.LVL60:
 326:Core/Src/main_app.c **** 
 991              		.loc 1 326 3 view .LVU246
 992 0010 104C     		ldr	r4, .L59
 993 0012 4FF48071 		mov	r1, #256
 994 0016 2046     		mov	r0, r4
 995 0018 FFF7FEFF 		bl	HAL_RTC_DeactivateAlarm
 996              	.LVL61:
 329:Core/Src/main_app.c ****   AlarmA_Set.AlarmTime.Minutes = 16;
 997              		.loc 1 329 3 view .LVU247
 329:Core/Src/main_app.c ****   AlarmA_Set.AlarmTime.Minutes = 16;
 998              		.loc 1 329 20 is_stmt 0 view .LVU248
 999 001c 4FF48073 		mov	r3, #256
 1000 0020 0B93     		str	r3, [sp, #44]
 330:Core/Src/main_app.c ****   AlarmA_Set.AlarmTime.Seconds = 20;
 1001              		.loc 1 330 3 is_stmt 1 view .LVU249
 330:Core/Src/main_app.c ****   AlarmA_Set.AlarmTime.Seconds = 20;
 1002              		.loc 1 330 32 is_stmt 0 view .LVU250
 1003 0022 1023     		movs	r3, #16
 1004 0024 8DF80530 		strb	r3, [sp, #5]
 331:Core/Src/main_app.c ****   AlarmA_Set.AlarmMask = RTC_ALARMMASK_HOURS | RTC_ALARMMASK_DATEWEEKDAY ;
 1005              		.loc 1 331 3 is_stmt 1 view .LVU251
 331:Core/Src/main_app.c ****   AlarmA_Set.AlarmMask = RTC_ALARMMASK_HOURS | RTC_ALARMMASK_DATEWEEKDAY ;
 1006              		.loc 1 331 32 is_stmt 0 view .LVU252
 1007 0028 1423     		movs	r3, #20
 1008 002a 8DF80630 		strb	r3, [sp, #6]
 332:Core/Src/main_app.c ****   AlarmA_Set.AlarmSubSecondMask = RTC_ALARMSUBSECONDMASK_NONE;
 1009              		.loc 1 332 3 is_stmt 1 view .LVU253
ARM GAS  /tmp/cc1vbrFG.s 			page 28


 332:Core/Src/main_app.c ****   AlarmA_Set.AlarmSubSecondMask = RTC_ALARMSUBSECONDMASK_NONE;
 1010              		.loc 1 332 24 is_stmt 0 view .LVU254
 1011 002e 0A4B     		ldr	r3, .L59+4
 1012 0030 0693     		str	r3, [sp, #24]
 333:Core/Src/main_app.c ****   if ( HAL_RTC_SetAlarm_IT(&hrtc, &AlarmA_Set, RTC_FORMAT_BIN) != HAL_OK)
 1013              		.loc 1 333 3 is_stmt 1 view .LVU255
 333:Core/Src/main_app.c ****   if ( HAL_RTC_SetAlarm_IT(&hrtc, &AlarmA_Set, RTC_FORMAT_BIN) != HAL_OK)
 1014              		.loc 1 333 33 is_stmt 0 view .LVU256
 1015 0032 4FF07063 		mov	r3, #251658240
 1016 0036 0893     		str	r3, [sp, #32]
 334:Core/Src/main_app.c ****   {
 1017              		.loc 1 334 3 is_stmt 1 view .LVU257
 334:Core/Src/main_app.c ****   {
 1018              		.loc 1 334 8 is_stmt 0 view .LVU258
 1019 0038 0022     		movs	r2, #0
 1020 003a 2946     		mov	r1, r5
 1021 003c 2046     		mov	r0, r4
 1022 003e FFF7FEFF 		bl	HAL_RTC_SetAlarm_IT
 1023              	.LVL62:
 334:Core/Src/main_app.c ****   {
 1024              		.loc 1 334 6 discriminator 1 view .LVU259
 1025 0042 20B9     		cbnz	r0, .L58
 338:Core/Src/main_app.c **** }
 1026              		.loc 1 338 3 is_stmt 1 view .LVU260
 1027 0044 0548     		ldr	r0, .L59+8
 1028 0046 FFF7FEFF 		bl	printmsg
 1029              	.LVL63:
 339:Core/Src/main_app.c **** 
 1030              		.loc 1 339 1 is_stmt 0 view .LVU261
 1031 004a 0DB0     		add	sp, sp, #52
 1032              	.LCFI28:
 1033              		.cfi_remember_state
 1034              		.cfi_def_cfa_offset 12
 1035              		@ sp needed
 1036 004c 30BD     		pop	{r4, r5, pc}
 1037              	.L58:
 1038              	.LCFI29:
 1039              		.cfi_restore_state
 336:Core/Src/main_app.c ****   }
 1040              		.loc 1 336 5 is_stmt 1 view .LVU262
 1041 004e FFF7FEFF 		bl	Error_handler
 1042              	.LVL64:
 1043              	.L60:
 1044 0052 00BF     		.align	2
 1045              	.L59:
 1046 0054 00000000 		.word	hrtc
 1047 0058 00008080 		.word	-2139095040
 1048 005c 00000000 		.word	.LC13
 1049              		.cfi_endproc
 1050              	.LFE144:
 1052              		.section	.rodata.HAL_GPIO_EXTI_Callback.str1.4,"aMS",%progbits,1
 1053              		.align	2
 1054              	.LC14:
 1055 0000 43757272 		.ascii	"Current Date is : %02d-%2d-%2d  <%s> \015\012\000"
 1055      656E7420 
 1055      44617465 
 1055      20697320 
ARM GAS  /tmp/cc1vbrFG.s 			page 29


 1055      3A202530 
 1056              		.align	2
 1057              	.LC15:
 1058 0028 57656E74 		.ascii	"Went to STANDBY mode\015\012\000"
 1058      20746F20 
 1058      5354414E 
 1058      44425920 
 1058      6D6F6465 
 1059              		.section	.text.HAL_GPIO_EXTI_Callback,"ax",%progbits
 1060              		.align	1
 1061              		.global	HAL_GPIO_EXTI_Callback
 1062              		.syntax unified
 1063              		.thumb
 1064              		.thumb_func
 1066              	HAL_GPIO_EXTI_Callback:
 1067              	.LVL65:
 1068              	.LFB143:
 288:Core/Src/main_app.c ****    RTC_TimeTypeDef RTC_TimeRead;
 1069              		.loc 1 288 1 view -0
 1070              		.cfi_startproc
 1071              		@ args = 0, pretend = 0, frame = 24
 1072              		@ frame_needed = 0, uses_anonymous_args = 0
 288:Core/Src/main_app.c ****    RTC_TimeTypeDef RTC_TimeRead;
 1073              		.loc 1 288 1 is_stmt 0 view .LVU264
 1074 0000 F0B5     		push	{r4, r5, r6, r7, lr}
 1075              	.LCFI30:
 1076              		.cfi_def_cfa_offset 20
 1077              		.cfi_offset 4, -20
 1078              		.cfi_offset 5, -16
 1079              		.cfi_offset 6, -12
 1080              		.cfi_offset 7, -8
 1081              		.cfi_offset 14, -4
 1082 0002 89B0     		sub	sp, sp, #36
 1083              	.LCFI31:
 1084              		.cfi_def_cfa_offset 56
 289:Core/Src/main_app.c ****    RTC_DateTypeDef RTC_DateRead;
 1085              		.loc 1 289 4 is_stmt 1 view .LVU265
 290:Core/Src/main_app.c **** 
 1086              		.loc 1 290 4 view .LVU266
 292:Core/Src/main_app.c **** 
 1087              		.loc 1 292 4 view .LVU267
 1088 0004 FFF7FEFF 		bl	RTC_CalendarConfig
 1089              	.LVL66:
 294:Core/Src/main_app.c **** 
 1090              		.loc 1 294 4 view .LVU268
 1091 0008 1B4C     		ldr	r4, .L63
 1092 000a 0022     		movs	r2, #0
 1093 000c 03A9     		add	r1, sp, #12
 1094 000e 2046     		mov	r0, r4
 1095 0010 FFF7FEFF 		bl	HAL_RTC_GetTime
 1096              	.LVL67:
 296:Core/Src/main_app.c **** 
 1097              		.loc 1 296 4 view .LVU269
 1098 0014 0022     		movs	r2, #0
 1099 0016 02A9     		add	r1, sp, #8
 1100 0018 2046     		mov	r0, r4
 1101 001a FFF7FEFF 		bl	HAL_RTC_GetDate
ARM GAS  /tmp/cc1vbrFG.s 			page 30


 1102              	.LVL68:
 298:Core/Src/main_app.c ****        RTC_TimeRead.Minutes,RTC_TimeRead.Seconds);
 1103              		.loc 1 298 4 view .LVU270
 1104 001e 9DF80E30 		ldrb	r3, [sp, #14]	@ zero_extendqisi2
 1105 0022 9DF80D20 		ldrb	r2, [sp, #13]	@ zero_extendqisi2
 1106 0026 9DF80C10 		ldrb	r1, [sp, #12]	@ zero_extendqisi2
 1107 002a 1448     		ldr	r0, .L63+4
 1108 002c FFF7FEFF 		bl	printmsg
 1109              	.LVL69:
 300:Core/Src/main_app.c ****        RTC_DateRead.Year,getDayofweek(RTC_DateRead.WeekDay));
 1110              		.loc 1 300 4 view .LVU271
 300:Core/Src/main_app.c ****        RTC_DateRead.Year,getDayofweek(RTC_DateRead.WeekDay));
 1111              		.loc 1 300 69 is_stmt 0 view .LVU272
 1112 0030 9DF80950 		ldrb	r5, [sp, #9]	@ zero_extendqisi2
 300:Core/Src/main_app.c ****        RTC_DateRead.Year,getDayofweek(RTC_DateRead.WeekDay));
 1113              		.loc 1 300 88 view .LVU273
 1114 0034 9DF80A60 		ldrb	r6, [sp, #10]	@ zero_extendqisi2
 301:Core/Src/main_app.c **** 
 1115              		.loc 1 301 20 view .LVU274
 1116 0038 9DF80B30 		ldrb	r3, [sp, #11]	@ zero_extendqisi2
 1117 003c 1F46     		mov	r7, r3
 300:Core/Src/main_app.c ****        RTC_DateRead.Year,getDayofweek(RTC_DateRead.WeekDay));
 1118              		.loc 1 300 4 view .LVU275
 1119 003e 9DF80800 		ldrb	r0, [sp, #8]	@ zero_extendqisi2
 1120 0042 FFF7FEFF 		bl	getDayofweek
 1121              	.LVL70:
 300:Core/Src/main_app.c ****        RTC_DateRead.Year,getDayofweek(RTC_DateRead.WeekDay));
 1122              		.loc 1 300 4 discriminator 1 view .LVU276
 1123 0046 0090     		str	r0, [sp]
 1124 0048 3B46     		mov	r3, r7
 1125 004a 3246     		mov	r2, r6
 1126 004c 2946     		mov	r1, r5
 1127 004e 0C48     		ldr	r0, .L63+8
 1128 0050 FFF7FEFF 		bl	printmsg
 1129              	.LVL71:
 304:Core/Src/main_app.c ****    __HAL_PWR_CLEAR_FLAG(PWR_FLAG_WU);
 1130              		.loc 1 304 4 is_stmt 1 view .LVU277
 1131 0054 2268     		ldr	r2, [r4]
 1132 0056 D368     		ldr	r3, [r2, #12]
 1133 0058 DBB2     		uxtb	r3, r3
 1134 005a 63F4C073 		orn	r3, r3, #384
 1135 005e D360     		str	r3, [r2, #12]
 305:Core/Src/main_app.c **** 
 1136              		.loc 1 305 4 view .LVU278
 1137 0060 084B     		ldr	r3, .L63+12
 1138 0062 1F22     		movs	r2, #31
 1139 0064 9A61     		str	r2, [r3, #24]
 308:Core/Src/main_app.c **** 
 1140              		.loc 1 308 4 view .LVU279
 1141 0066 FFF7FEFF 		bl	RTC_AlarmConfig
 1142              	.LVL72:
 311:Core/Src/main_app.c **** 
 1143              		.loc 1 311 4 view .LVU280
 1144 006a 0748     		ldr	r0, .L63+16
 1145 006c FFF7FEFF 		bl	printmsg
 1146              	.LVL73:
 314:Core/Src/main_app.c **** }
ARM GAS  /tmp/cc1vbrFG.s 			page 31


 1147              		.loc 1 314 4 view .LVU281
 1148 0070 FFF7FEFF 		bl	HAL_PWR_EnterSTANDBYMode
 1149              	.LVL74:
 315:Core/Src/main_app.c **** 
 1150              		.loc 1 315 1 is_stmt 0 view .LVU282
 1151 0074 09B0     		add	sp, sp, #36
 1152              	.LCFI32:
 1153              		.cfi_def_cfa_offset 20
 1154              		@ sp needed
 1155 0076 F0BD     		pop	{r4, r5, r6, r7, pc}
 1156              	.L64:
 1157              		.align	2
 1158              	.L63:
 1159 0078 00000000 		.word	hrtc
 1160 007c 14000000 		.word	.LC10
 1161 0080 00000000 		.word	.LC14
 1162 0084 00700040 		.word	1073770496
 1163 0088 28000000 		.word	.LC15
 1164              		.cfi_endproc
 1165              	.LFE143:
 1167              		.section	.rodata.str1.4,"aMS",%progbits,1
 1168              		.align	2
 1169              	.LC0:
 1170 0000 4D6F6E64 		.ascii	"Monday\000"
 1170      617900
 1171 0007 00       		.align	2
 1172              	.LC1:
 1173 0008 54756573 		.ascii	"TuesDay\000"
 1173      44617900 
 1174              		.align	2
 1175              	.LC2:
 1176 0010 5765646E 		.ascii	"Wednesday\000"
 1176      65736461 
 1176      7900
 1177 001a 0000     		.align	2
 1178              	.LC3:
 1179 001c 54687572 		.ascii	"Thursday\000"
 1179      73646179 
 1179      00
 1180 0025 000000   		.align	2
 1181              	.LC4:
 1182 0028 46726964 		.ascii	"Friday\000"
 1182      617900
 1183 002f 00       		.align	2
 1184              	.LC5:
 1185 0030 53617475 		.ascii	"Saturday\000"
 1185      72646179 
 1185      00
 1186 0039 000000   		.align	2
 1187              	.LC6:
 1188 003c 53756E64 		.ascii	"Sunday\000"
 1188      617900
 1189              		.global	hrtc
 1190              		.section	.bss.hrtc,"aw",%nobits
 1191              		.align	2
 1194              	hrtc:
 1195 0000 00000000 		.space	36
ARM GAS  /tmp/cc1vbrFG.s 			page 32


 1195      00000000 
 1195      00000000 
 1195      00000000 
 1195      00000000 
 1196              		.global	huart2
 1197              		.section	.bss.huart2,"aw",%nobits
 1198              		.align	2
 1201              	huart2:
 1202 0000 00000000 		.space	136
 1202      00000000 
 1202      00000000 
 1202      00000000 
 1202      00000000 
 1203              		.section	.rodata
 1204              		.align	2
 1205              		.set	.LANCHOR0,. + 0
 1206              	.LC8:
 1207 0000 00000000 		.word	.LC0
 1208 0004 08000000 		.word	.LC1
 1209 0008 10000000 		.word	.LC2
 1210 000c 1C000000 		.word	.LC3
 1211 0010 28000000 		.word	.LC4
 1212 0014 30000000 		.word	.LC5
 1213 0018 3C000000 		.word	.LC6
 1214              		.text
 1215              	.Letext0:
 1216              		.file 2 "/usr/lib/gcc/arm-none-eabi/15.2.0/include/stddef.h"
 1217              		.file 3 "/usr/arm-none-eabi/include/machine/_default_types.h"
 1218              		.file 4 "/usr/lib/gcc/arm-none-eabi/15.2.0/include/stdarg.h"
 1219              		.file 5 "/usr/arm-none-eabi/include/stdio.h"
 1220              		.file 6 "/usr/arm-none-eabi/include/sys/_stdint.h"
 1221              		.file 7 "Drivers/CMSIS/Device/ST/STM32L4xx/Include/stm32l476xx.h"
 1222              		.file 8 "Drivers/CMSIS/Device/ST/STM32L4xx/Include/stm32l4xx.h"
 1223              		.file 9 "Drivers/STM32L4xx_HAL_Driver/Inc/stm32l4xx_hal_def.h"
 1224              		.file 10 "Drivers/STM32L4xx_HAL_Driver/Inc/stm32l4xx_hal_rcc.h"
 1225              		.file 11 "Drivers/STM32L4xx_HAL_Driver/Inc/stm32l4xx_hal_gpio.h"
 1226              		.file 12 "Drivers/STM32L4xx_HAL_Driver/Inc/stm32l4xx_hal_dma.h"
 1227              		.file 13 "Drivers/STM32L4xx_HAL_Driver/Inc/stm32l4xx_hal_rtc.h"
 1228              		.file 14 "Drivers/STM32L4xx_HAL_Driver/Inc/stm32l4xx_hal_uart.h"
 1229              		.file 15 "/usr/arm-none-eabi/include/string.h"
 1230              		.file 16 "Drivers/STM32L4xx_HAL_Driver/Inc/stm32l4xx_hal_cortex.h"
 1231              		.file 17 "Drivers/STM32L4xx_HAL_Driver/Inc/stm32l4xx_hal.h"
 1232              		.file 18 "<built-in>"
 1233              		.file 19 "Drivers/STM32L4xx_HAL_Driver/Inc/stm32l4xx_hal_pwr.h"
ARM GAS  /tmp/cc1vbrFG.s 			page 33


DEFINED SYMBOLS
                            *ABS*:00000000 main_app.c
     /tmp/cc1vbrFG.s:21     .text.printmsg:00000000 $t
     /tmp/cc1vbrFG.s:27     .text.printmsg:00000000 printmsg
     /tmp/cc1vbrFG.s:95     .text.printmsg:00000034 $d
     /tmp/cc1vbrFG.s:1201   .bss.huart2:00000000 huart2
     /tmp/cc1vbrFG.s:100    .text.RTC_CalendarConfig:00000000 $t
     /tmp/cc1vbrFG.s:106    .text.RTC_CalendarConfig:00000000 RTC_CalendarConfig
     /tmp/cc1vbrFG.s:176    .text.RTC_CalendarConfig:00000050 $d
     /tmp/cc1vbrFG.s:1194   .bss.hrtc:00000000 hrtc
     /tmp/cc1vbrFG.s:181    .text.GPIO_Init:00000000 $t
     /tmp/cc1vbrFG.s:187    .text.GPIO_Init:00000000 GPIO_Init
     /tmp/cc1vbrFG.s:285    .text.GPIO_Init:0000006c $d
     /tmp/cc1vbrFG.s:291    .text.getDayofweek:00000000 $t
     /tmp/cc1vbrFG.s:297    .text.getDayofweek:00000000 getDayofweek
     /tmp/cc1vbrFG.s:342    .text.getDayofweek:00000030 $d
     /tmp/cc1vbrFG.s:347    .rodata.HAL_RTC_AlarmAEventCallback.str1.4:00000000 $d
     /tmp/cc1vbrFG.s:354    .text.HAL_RTC_AlarmAEventCallback:00000000 $t
     /tmp/cc1vbrFG.s:360    .text.HAL_RTC_AlarmAEventCallback:00000000 HAL_RTC_AlarmAEventCallback
     /tmp/cc1vbrFG.s:436    .text.HAL_RTC_AlarmAEventCallback:00000068 $d
     /tmp/cc1vbrFG.s:442    .text.Error_handler:00000000 $t
     /tmp/cc1vbrFG.s:448    .text.Error_handler:00000000 Error_handler
     /tmp/cc1vbrFG.s:464    .text.SystemClock_Config:00000000 $t
     /tmp/cc1vbrFG.s:470    .text.SystemClock_Config:00000000 SystemClock_Config
     /tmp/cc1vbrFG.s:665    .text.SystemClock_Config:000000ac $d
     /tmp/cc1vbrFG.s:670    .text.RTC_Init:00000000 $t
     /tmp/cc1vbrFG.s:676    .text.RTC_Init:00000000 RTC_Init
     /tmp/cc1vbrFG.s:729    .text.RTC_Init:0000002c $d
     /tmp/cc1vbrFG.s:735    .text.UART2_Init:00000000 $t
     /tmp/cc1vbrFG.s:741    .text.UART2_Init:00000000 UART2_Init
     /tmp/cc1vbrFG.s:793    .text.UART2_Init:00000028 $d
     /tmp/cc1vbrFG.s:799    .rodata.main.str1.4:00000000 $d
     /tmp/cc1vbrFG.s:806    .text.main:00000000 $t
     /tmp/cc1vbrFG.s:812    .text.main:00000000 main
     /tmp/cc1vbrFG.s:947    .text.main:000000c0 $d
     /tmp/cc1vbrFG.s:958    .rodata.RTC_AlarmConfig.str1.4:00000000 $d
     /tmp/cc1vbrFG.s:962    .text.RTC_AlarmConfig:00000000 $t
     /tmp/cc1vbrFG.s:968    .text.RTC_AlarmConfig:00000000 RTC_AlarmConfig
     /tmp/cc1vbrFG.s:1046   .text.RTC_AlarmConfig:00000054 $d
     /tmp/cc1vbrFG.s:1053   .rodata.HAL_GPIO_EXTI_Callback.str1.4:00000000 $d
     /tmp/cc1vbrFG.s:1060   .text.HAL_GPIO_EXTI_Callback:00000000 $t
     /tmp/cc1vbrFG.s:1066   .text.HAL_GPIO_EXTI_Callback:00000000 HAL_GPIO_EXTI_Callback
     /tmp/cc1vbrFG.s:1159   .text.HAL_GPIO_EXTI_Callback:00000078 $d
     /tmp/cc1vbrFG.s:1168   .rodata.str1.4:00000000 $d
     /tmp/cc1vbrFG.s:1191   .bss.hrtc:00000000 $d
     /tmp/cc1vbrFG.s:1198   .bss.huart2:00000000 $d
     /tmp/cc1vbrFG.s:1204   .rodata:00000000 $d

UNDEFINED SYMBOLS
vsprintf
strlen
HAL_UART_Transmit
HAL_RTC_SetTime
HAL_RTC_SetDate
HAL_GPIO_Init
HAL_NVIC_SetPriority
HAL_NVIC_EnableIRQ
ARM GAS  /tmp/cc1vbrFG.s 			page 34


HAL_RTC_GetTime
HAL_GPIO_WritePin
HAL_Delay
HAL_RCC_OscConfig
HAL_RCC_ClockConfig
HAL_RCC_GetHCLKFreq
HAL_SYSTICK_Config
HAL_SYSTICK_CLKSourceConfig
HAL_RTC_Init
HAL_UART_Init
HAL_Init
HAL_RTC_GetDate
memset
HAL_RTC_DeactivateAlarm
HAL_RTC_SetAlarm_IT
HAL_PWR_EnterSTANDBYMode
